[2018-12-06 22:46:24.770] [main] INFO  com.jeffy.demo.DemoApplication - Starting DemoApplication on SLAHHVIMMGIW3DX with PID 2568 (D:\Jeffy\workplace\demo\target\classes started by Administrator in D:\Jeffy\workplace\demo)
[2018-12-06 22:46:24.785] [main] INFO  com.jeffy.demo.DemoApplication - No active profile set, falling back to default profiles: default
[2018-12-06 22:46:24.832] [main] INFO  o.s.b.w.s.c.AnnotationConfigServletWebServerApplicationContext - Refreshing org.springframework.boot.web.servlet.context.AnnotationConfigServletWebServerApplicationContext@1573f9fc: startup date [Thu Dec 06 22:46:24 CST 2018]; root of context hierarchy
[2018-12-06 22:46:26.625] [main] INFO  o.s.b.w.e.tomcat.TomcatWebServer - Tomcat initialized with port(s): 8080 (http)
[2018-12-06 22:46:26.650] [main] INFO  o.a.coyote.http11.Http11NioProtocol - Initializing ProtocolHandler ["http-nio-8080"]
[2018-12-06 22:46:26.682] [main] INFO  o.a.catalina.core.StandardService - Starting service [Tomcat]
[2018-12-06 22:46:26.683] [main] INFO  o.a.catalina.core.StandardEngine - Starting Servlet Engine: Apache Tomcat/8.5.34
[2018-12-06 22:46:26.692] [localhost-startStop-1] INFO  o.a.c.core.AprLifecycleListener - The APR based Apache Tomcat Native library which allows optimal performance in production environments was not found on the java.library.path: [D:\software\Java\jdk1.8\bin;C:\Windows\Sun\Java\bin;C:\Windows\system32;C:\Windows;C:\Program Files (x86)\Common Files\Oracle\Java\javapath;C:\Windows\system32;C:\Windows;C:\Windows\System32\Wbem;C:\Windows\System32\WindowsPowerShell\v1.0\;D:\software\Java\jdk1.8\bin;D:\software\Java\jdk1.8\jre\bin;D:\software\Python\Scripts\;D:\software\Python\;D:\software\PyCharmCommunityEdition\bin;;.]
[2018-12-06 22:46:26.964] [localhost-startStop-1] INFO  o.apache.jasper.servlet.TldScanner - At least one JAR was scanned for TLDs yet contained no TLDs. Enable debug logging for this logger for a complete list of JARs that were scanned but no TLDs were found in them. Skipping unneeded JARs during scanning can improve startup time and JSP compilation time.
[2018-12-06 22:46:26.970] [localhost-startStop-1] INFO  o.a.c.c.C.[Tomcat].[localhost].[/] - Initializing Spring embedded WebApplicationContext
[2018-12-06 22:46:26.970] [localhost-startStop-1] INFO  o.s.web.context.ContextLoader - Root WebApplicationContext: initialization completed in 2138 ms
[2018-12-06 22:46:27.069] [localhost-startStop-1] INFO  o.s.b.w.s.ServletRegistrationBean - Servlet dispatcherServlet mapped to [/]
[2018-12-06 22:46:27.074] [localhost-startStop-1] INFO  o.s.b.w.s.FilterRegistrationBean - Mapping filter: 'characterEncodingFilter' to: [/*]
[2018-12-06 22:46:27.074] [localhost-startStop-1] INFO  o.s.b.w.s.FilterRegistrationBean - Mapping filter: 'hiddenHttpMethodFilter' to: [/*]
[2018-12-06 22:46:27.074] [localhost-startStop-1] INFO  o.s.b.w.s.FilterRegistrationBean - Mapping filter: 'httpPutFormContentFilter' to: [/*]
[2018-12-06 22:46:27.074] [localhost-startStop-1] INFO  o.s.b.w.s.FilterRegistrationBean - Mapping filter: 'requestContextFilter' to: [/*]
[2018-12-06 22:46:28.112] [main] INFO  o.s.w.s.h.SimpleUrlHandlerMapping - Mapped URL path [/**/favicon.ico] onto handler of type [class org.springframework.web.servlet.resource.ResourceHttpRequestHandler]
[2018-12-06 22:46:28.303] [main] INFO  o.s.w.s.m.m.a.RequestMappingHandlerAdapter - Looking for @ControllerAdvice: org.springframework.boot.web.servlet.context.AnnotationConfigServletWebServerApplicationContext@1573f9fc: startup date [Thu Dec 06 22:46:24 CST 2018]; root of context hierarchy
[2018-12-06 22:46:28.362] [main] INFO  o.s.w.s.m.m.a.RequestMappingHandlerMapping - Mapped "{[/blog/save]}" onto public java.lang.String com.jeffy.demo.controller.BlogController.save(javax.servlet.http.HttpServletRequest)
[2018-12-06 22:46:28.363] [main] INFO  o.s.w.s.m.m.a.RequestMappingHandlerMapping - Mapped "{[/blog/test]}" onto public java.util.Map<java.lang.String, java.lang.Object> com.jeffy.demo.controller.BlogController.test(javax.servlet.http.HttpServletRequest)
[2018-12-06 22:46:28.363] [main] INFO  o.s.w.s.m.m.a.RequestMappingHandlerMapping - Mapped "{[/blog/articalList]}" onto public java.util.Map<java.lang.String, java.lang.Object> com.jeffy.demo.controller.BlogController.articalList(javax.servlet.http.HttpServletRequest)
[2018-12-06 22:46:28.363] [main] INFO  o.s.w.s.m.m.a.RequestMappingHandlerMapping - Mapped "{[/blog/home]}" onto public org.springframework.web.servlet.ModelAndView com.jeffy.demo.controller.BlogController.homeView()
[2018-12-06 22:46:28.364] [main] INFO  o.s.w.s.m.m.a.RequestMappingHandlerMapping - Mapped "{[/blog/artical]}" onto public com.jeffy.demo.eneity.Artical com.jeffy.demo.controller.BlogController.artical(javax.servlet.http.HttpServletRequest)
[2018-12-06 22:46:28.365] [main] INFO  o.s.w.s.m.m.a.RequestMappingHandlerMapping - Mapped "{[/login/login]}" onto public org.springframework.web.servlet.ModelAndView com.jeffy.demo.controller.LoginController.loginView(javax.servlet.http.HttpSession)
[2018-12-06 22:46:28.366] [main] INFO  o.s.w.s.m.m.a.RequestMappingHandlerMapping - Mapped "{[/login/register]}" onto public org.springframework.web.servlet.ModelAndView com.jeffy.demo.controller.LoginController.registerView()
[2018-12-06 22:46:28.366] [main] INFO  o.s.w.s.m.m.a.RequestMappingHandlerMapping - Mapped "{[/index]}" onto public org.springframework.web.servlet.ModelAndView com.jeffy.demo.controller.LoginController.indexView()
[2018-12-06 22:46:28.367] [main] INFO  o.s.w.s.m.m.a.RequestMappingHandlerMapping - Mapped "{[/login/registerIn]}" onto public java.lang.String com.jeffy.demo.controller.LoginController.registerIn(javax.servlet.http.HttpServletRequest)
[2018-12-06 22:46:28.367] [main] INFO  o.s.w.s.m.m.a.RequestMappingHandlerMapping - Mapped "{[/login/loginIn]}" onto public java.lang.String com.jeffy.demo.controller.LoginController.loginIn(javax.servlet.http.HttpServletRequest,javax.servlet.http.HttpSession)
[2018-12-06 22:46:28.368] [main] INFO  o.s.w.s.m.m.a.RequestMappingHandlerMapping - Mapped "{[/login/loginOut]}" onto public org.springframework.web.servlet.ModelAndView com.jeffy.demo.controller.LoginController.loginOut(javax.servlet.http.HttpSession)
[2018-12-06 22:46:28.371] [main] INFO  o.s.w.s.m.m.a.RequestMappingHandlerMapping - Mapped "{[/error]}" onto public org.springframework.http.ResponseEntity<java.util.Map<java.lang.String, java.lang.Object>> org.springframework.boot.autoconfigure.web.servlet.error.BasicErrorController.error(javax.servlet.http.HttpServletRequest)
[2018-12-06 22:46:28.372] [main] INFO  o.s.w.s.m.m.a.RequestMappingHandlerMapping - Mapped "{[/error],produces=[text/html]}" onto public org.springframework.web.servlet.ModelAndView org.springframework.boot.autoconfigure.web.servlet.error.BasicErrorController.errorHtml(javax.servlet.http.HttpServletRequest,javax.servlet.http.HttpServletResponse)
[2018-12-06 22:46:28.398] [main] INFO  o.s.w.s.h.SimpleUrlHandlerMapping - Mapped URL path [/webjars/**] onto handler of type [class org.springframework.web.servlet.resource.ResourceHttpRequestHandler]
[2018-12-06 22:46:28.398] [main] INFO  o.s.w.s.h.SimpleUrlHandlerMapping - Mapped URL path [/static/**] onto handler of type [class org.springframework.web.servlet.resource.ResourceHttpRequestHandler]
[2018-12-06 22:46:28.439] [main] INFO  o.s.b.a.w.s.WelcomePageHandlerMapping - Adding welcome page template: index
[2018-12-06 22:46:28.733] [main] INFO  o.s.j.e.a.AnnotationMBeanExporter - Registering beans for JMX exposure on startup
[2018-12-06 22:46:28.735] [main] INFO  o.s.j.e.a.AnnotationMBeanExporter - Bean with name 'dataSource' has been autodetected for JMX exposure
[2018-12-06 22:46:28.742] [main] INFO  o.s.j.e.a.AnnotationMBeanExporter - Located MBean 'dataSource': registering with JMX server as MBean [com.alibaba.druid.pool:name=dataSource,type=DruidDataSource]
[2018-12-06 22:46:28.783] [main] INFO  o.a.coyote.http11.Http11NioProtocol - Starting ProtocolHandler ["http-nio-8080"]
[2018-12-06 22:46:28.793] [main] INFO  o.a.tomcat.util.net.NioSelectorPool - Using a shared selector for servlet write/read
[2018-12-06 22:46:28.822] [main] INFO  o.s.b.w.e.tomcat.TomcatWebServer - Tomcat started on port(s): 8080 (http) with context path ''
[2018-12-06 22:46:28.826] [main] INFO  com.jeffy.demo.DemoApplication - Started DemoApplication in 4.636 seconds (JVM running for 8.304)
[2018-12-06 22:47:20.912] [http-nio-8080-exec-1] INFO  o.a.c.c.C.[Tomcat].[localhost].[/] - Initializing Spring FrameworkServlet 'dispatcherServlet'
[2018-12-06 22:47:20.913] [http-nio-8080-exec-1] INFO  o.s.web.servlet.DispatcherServlet - FrameworkServlet 'dispatcherServlet': initialization started
[2018-12-06 22:47:20.932] [http-nio-8080-exec-1] INFO  o.s.web.servlet.DispatcherServlet - FrameworkServlet 'dispatcherServlet': initialization completed in 19 ms
[2018-12-06 22:47:23.313] [http-nio-8080-exec-8] INFO  c.a.druid.pool.DruidDataSource - {dataSource-1} inited
