[2018-12-12 21:47:30.463] [main] INFO  com.jeffy.demo.DemoApplication - Starting DemoApplication on SLAHHVIMMGIW3DX with PID 2736 (D:\Jeffy\workplace\demo\target\classes started by Administrator in D:\Jeffy\workplace\demo)
[2018-12-12 21:47:30.480] [main] INFO  com.jeffy.demo.DemoApplication - No active profile set, falling back to default profiles: default
[2018-12-12 21:47:30.608] [main] INFO  o.s.b.w.s.c.AnnotationConfigServletWebServerApplicationContext - Refreshing org.springframework.boot.web.servlet.context.AnnotationConfigServletWebServerApplicationContext@1573f9fc: startup date [Wed Dec 12 21:47:30 CST 2018]; root of context hierarchy
[2018-12-12 21:47:33.046] [main] INFO  o.s.b.w.e.tomcat.TomcatWebServer - Tomcat initialized with port(s): 8080 (http)
[2018-12-12 21:47:33.069] [main] INFO  o.a.coyote.http11.Http11NioProtocol - Initializing ProtocolHandler ["http-nio-8080"]
[2018-12-12 21:47:33.101] [main] INFO  o.a.catalina.core.StandardService - Starting service [Tomcat]
[2018-12-12 21:47:33.102] [main] INFO  o.a.catalina.core.StandardEngine - Starting Servlet Engine: Apache Tomcat/8.5.34
[2018-12-12 21:47:33.106] [localhost-startStop-1] INFO  o.a.c.core.AprLifecycleListener - The APR based Apache Tomcat Native library which allows optimal performance in production environments was not found on the java.library.path: [D:\software\Java\jdk1.8\bin;C:\Windows\Sun\Java\bin;C:\Windows\system32;C:\Windows;C:\Program Files (x86)\Common Files\Oracle\Java\javapath;C:\Windows\system32;C:\Windows;C:\Windows\System32\Wbem;C:\Windows\System32\WindowsPowerShell\v1.0\;D:\software\Java\jdk1.8\bin;D:\software\Java\jdk1.8\jre\bin;D:\software\Python\Scripts\;D:\software\Python\;D:\software\PyCharmCommunityEdition\bin;;.]
[2018-12-12 21:47:33.444] [localhost-startStop-1] INFO  o.apache.jasper.servlet.TldScanner - At least one JAR was scanned for TLDs yet contained no TLDs. Enable debug logging for this logger for a complete list of JARs that were scanned but no TLDs were found in them. Skipping unneeded JARs during scanning can improve startup time and JSP compilation time.
[2018-12-12 21:47:33.449] [localhost-startStop-1] INFO  o.a.c.c.C.[Tomcat].[localhost].[/] - Initializing Spring embedded WebApplicationContext
[2018-12-12 21:47:33.449] [localhost-startStop-1] INFO  o.s.web.context.ContextLoader - Root WebApplicationContext: initialization completed in 2841 ms
[2018-12-12 21:47:33.535] [localhost-startStop-1] INFO  o.s.b.w.s.ServletRegistrationBean - Servlet dispatcherServlet mapped to [/]
[2018-12-12 21:47:33.539] [localhost-startStop-1] INFO  o.s.b.w.s.FilterRegistrationBean - Mapping filter: 'characterEncodingFilter' to: [/*]
[2018-12-12 21:47:33.540] [localhost-startStop-1] INFO  o.s.b.w.s.FilterRegistrationBean - Mapping filter: 'hiddenHttpMethodFilter' to: [/*]
[2018-12-12 21:47:33.540] [localhost-startStop-1] INFO  o.s.b.w.s.FilterRegistrationBean - Mapping filter: 'httpPutFormContentFilter' to: [/*]
[2018-12-12 21:47:33.540] [localhost-startStop-1] INFO  o.s.b.w.s.FilterRegistrationBean - Mapping filter: 'requestContextFilter' to: [/*]
[2018-12-12 21:47:34.569] [main] INFO  o.s.w.s.h.SimpleUrlHandlerMapping - Mapped URL path [/**/favicon.ico] onto handler of type [class org.springframework.web.servlet.resource.ResourceHttpRequestHandler]
[2018-12-12 21:47:34.768] [main] INFO  o.s.w.s.m.m.a.RequestMappingHandlerAdapter - Looking for @ControllerAdvice: org.springframework.boot.web.servlet.context.AnnotationConfigServletWebServerApplicationContext@1573f9fc: startup date [Wed Dec 12 21:47:30 CST 2018]; root of context hierarchy
[2018-12-12 21:47:34.824] [main] INFO  o.s.w.s.m.m.a.RequestMappingHandlerMapping - Mapped "{[/blog/save]}" onto public java.lang.String com.jeffy.demo.controller.BlogController.save(javax.servlet.http.HttpServletRequest)
[2018-12-12 21:47:34.825] [main] INFO  o.s.w.s.m.m.a.RequestMappingHandlerMapping - Mapped "{[/blog/test]}" onto public java.util.Map<java.lang.String, java.lang.Object> com.jeffy.demo.controller.BlogController.test(javax.servlet.http.HttpServletRequest)
[2018-12-12 21:47:34.826] [main] INFO  o.s.w.s.m.m.a.RequestMappingHandlerMapping - Mapped "{[/blog/articalList]}" onto public java.util.Map<java.lang.String, java.lang.Object> com.jeffy.demo.controller.BlogController.articalList(javax.servlet.http.HttpServletRequest)
[2018-12-12 21:47:34.827] [main] INFO  o.s.w.s.m.m.a.RequestMappingHandlerMapping - Mapped "{[/blog/home]}" onto public org.springframework.web.servlet.ModelAndView com.jeffy.demo.controller.BlogController.homeView()
[2018-12-12 21:47:34.827] [main] INFO  o.s.w.s.m.m.a.RequestMappingHandlerMapping - Mapped "{[/blog/artical]}" onto public com.jeffy.demo.eneity.Artical com.jeffy.demo.controller.BlogController.artical(javax.servlet.http.HttpServletRequest)
[2018-12-12 21:47:34.828] [main] INFO  o.s.w.s.m.m.a.RequestMappingHandlerMapping - Mapped "{[/login/login]}" onto public org.springframework.web.servlet.ModelAndView com.jeffy.demo.controller.LoginController.loginView(javax.servlet.http.HttpSession)
[2018-12-12 21:47:34.828] [main] INFO  o.s.w.s.m.m.a.RequestMappingHandlerMapping - Mapped "{[/login/register]}" onto public org.springframework.web.servlet.ModelAndView com.jeffy.demo.controller.LoginController.registerView()
[2018-12-12 21:47:34.829] [main] INFO  o.s.w.s.m.m.a.RequestMappingHandlerMapping - Mapped "{[/index]}" onto public org.springframework.web.servlet.ModelAndView com.jeffy.demo.controller.LoginController.indexView()
[2018-12-12 21:47:34.829] [main] INFO  o.s.w.s.m.m.a.RequestMappingHandlerMapping - Mapped "{[/login/registerIn]}" onto public java.lang.String com.jeffy.demo.controller.LoginController.registerIn(javax.servlet.http.HttpServletRequest)
[2018-12-12 21:47:34.829] [main] INFO  o.s.w.s.m.m.a.RequestMappingHandlerMapping - Mapped "{[/login/loginIn]}" onto public java.lang.String com.jeffy.demo.controller.LoginController.loginIn(javax.servlet.http.HttpServletRequest,javax.servlet.http.HttpSession)
[2018-12-12 21:47:34.830] [main] INFO  o.s.w.s.m.m.a.RequestMappingHandlerMapping - Mapped "{[/login/loginOut]}" onto public org.springframework.web.servlet.ModelAndView com.jeffy.demo.controller.LoginController.loginOut(javax.servlet.http.HttpSession)
[2018-12-12 21:47:34.833] [main] INFO  o.s.w.s.m.m.a.RequestMappingHandlerMapping - Mapped "{[/error]}" onto public org.springframework.http.ResponseEntity<java.util.Map<java.lang.String, java.lang.Object>> org.springframework.boot.autoconfigure.web.servlet.error.BasicErrorController.error(javax.servlet.http.HttpServletRequest)
[2018-12-12 21:47:34.834] [main] INFO  o.s.w.s.m.m.a.RequestMappingHandlerMapping - Mapped "{[/error],produces=[text/html]}" onto public org.springframework.web.servlet.ModelAndView org.springframework.boot.autoconfigure.web.servlet.error.BasicErrorController.errorHtml(javax.servlet.http.HttpServletRequest,javax.servlet.http.HttpServletResponse)
[2018-12-12 21:47:34.859] [main] INFO  o.s.w.s.h.SimpleUrlHandlerMapping - Mapped URL path [/webjars/**] onto handler of type [class org.springframework.web.servlet.resource.ResourceHttpRequestHandler]
[2018-12-12 21:47:34.859] [main] INFO  o.s.w.s.h.SimpleUrlHandlerMapping - Mapped URL path [/static/**] onto handler of type [class org.springframework.web.servlet.resource.ResourceHttpRequestHandler]
[2018-12-12 21:47:34.900] [main] INFO  o.s.b.a.w.s.WelcomePageHandlerMapping - Adding welcome page template: index
[2018-12-12 21:47:35.156] [main] INFO  o.s.j.e.a.AnnotationMBeanExporter - Registering beans for JMX exposure on startup
[2018-12-12 21:47:35.158] [main] INFO  o.s.j.e.a.AnnotationMBeanExporter - Bean with name 'dataSource' has been autodetected for JMX exposure
[2018-12-12 21:47:35.166] [main] INFO  o.s.j.e.a.AnnotationMBeanExporter - Located MBean 'dataSource': registering with JMX server as MBean [com.alibaba.druid.pool:name=dataSource,type=DruidDataSource]
[2018-12-12 21:47:35.209] [main] INFO  o.a.coyote.http11.Http11NioProtocol - Starting ProtocolHandler ["http-nio-8080"]
[2018-12-12 21:47:35.219] [main] INFO  o.a.tomcat.util.net.NioSelectorPool - Using a shared selector for servlet write/read
[2018-12-12 21:47:35.244] [main] INFO  o.s.b.w.e.tomcat.TomcatWebServer - Tomcat started on port(s): 8080 (http) with context path ''
[2018-12-12 21:47:35.248] [main] INFO  com.jeffy.demo.DemoApplication - Started DemoApplication in 5.264 seconds (JVM running for 8.614)
[2018-12-12 21:49:09.757] [http-nio-8080-exec-1] INFO  o.a.c.c.C.[Tomcat].[localhost].[/] - Initializing Spring FrameworkServlet 'dispatcherServlet'
[2018-12-12 21:49:09.757] [http-nio-8080-exec-1] INFO  o.s.web.servlet.DispatcherServlet - FrameworkServlet 'dispatcherServlet': initialization started
[2018-12-12 21:49:09.774] [http-nio-8080-exec-1] INFO  o.s.web.servlet.DispatcherServlet - FrameworkServlet 'dispatcherServlet': initialization completed in 17 ms
[2018-12-12 21:49:12.448] [http-nio-8080-exec-8] INFO  c.a.druid.pool.DruidDataSource - {dataSource-1} inited
[2018-12-12 21:49:24.837] [http-nio-8080-exec-2] WARN  o.s.web.servlet.PageNotFound - No mapping found for HTTP request with URI [/blog/update] in DispatcherServlet with name 'dispatcherServlet'
[2018-12-12 21:49:34.826] [http-nio-8080-exec-6] WARN  o.s.web.servlet.PageNotFound - No mapping found for HTTP request with URI [/blog/update] in DispatcherServlet with name 'dispatcherServlet'
[2018-12-12 22:25:30.599] [main] INFO  com.jeffy.demo.DemoApplication - Starting DemoApplication on SLAHHVIMMGIW3DX with PID 5464 (D:\Jeffy\workplace\demo\target\classes started by Administrator in D:\Jeffy\workplace\demo)
[2018-12-12 22:25:30.604] [main] INFO  com.jeffy.demo.DemoApplication - No active profile set, falling back to default profiles: default
[2018-12-12 22:25:30.661] [main] INFO  o.s.b.w.s.c.AnnotationConfigServletWebServerApplicationContext - Refreshing org.springframework.boot.web.servlet.context.AnnotationConfigServletWebServerApplicationContext@1573f9fc: startup date [Wed Dec 12 22:25:30 CST 2018]; root of context hierarchy
[2018-12-12 22:25:33.049] [main] INFO  o.s.b.w.e.tomcat.TomcatWebServer - Tomcat initialized with port(s): 8080 (http)
[2018-12-12 22:25:33.069] [main] INFO  o.a.coyote.http11.Http11NioProtocol - Initializing ProtocolHandler ["http-nio-8080"]
[2018-12-12 22:25:33.080] [main] INFO  o.a.catalina.core.StandardService - Starting service [Tomcat]
[2018-12-12 22:25:33.080] [main] INFO  o.a.catalina.core.StandardEngine - Starting Servlet Engine: Apache Tomcat/8.5.34
[2018-12-12 22:25:33.086] [localhost-startStop-1] INFO  o.a.c.core.AprLifecycleListener - The APR based Apache Tomcat Native library which allows optimal performance in production environments was not found on the java.library.path: [D:\software\Java\jdk1.8\bin;C:\Windows\Sun\Java\bin;C:\Windows\system32;C:\Windows;C:\Program Files (x86)\Common Files\Oracle\Java\javapath;C:\Windows\system32;C:\Windows;C:\Windows\System32\Wbem;C:\Windows\System32\WindowsPowerShell\v1.0\;D:\software\Java\jdk1.8\bin;D:\software\Java\jdk1.8\jre\bin;D:\software\Python\Scripts\;D:\software\Python\;D:\software\PyCharmCommunityEdition\bin;;.]
[2018-12-12 22:25:33.314] [localhost-startStop-1] INFO  o.apache.jasper.servlet.TldScanner - At least one JAR was scanned for TLDs yet contained no TLDs. Enable debug logging for this logger for a complete list of JARs that were scanned but no TLDs were found in them. Skipping unneeded JARs during scanning can improve startup time and JSP compilation time.
[2018-12-12 22:25:33.320] [localhost-startStop-1] INFO  o.a.c.c.C.[Tomcat].[localhost].[/] - Initializing Spring embedded WebApplicationContext
[2018-12-12 22:25:33.320] [localhost-startStop-1] INFO  o.s.web.context.ContextLoader - Root WebApplicationContext: initialization completed in 2659 ms
[2018-12-12 22:25:33.382] [localhost-startStop-1] INFO  o.s.b.w.s.ServletRegistrationBean - Servlet dispatcherServlet mapped to [/]
[2018-12-12 22:25:33.387] [localhost-startStop-1] INFO  o.s.b.w.s.FilterRegistrationBean - Mapping filter: 'characterEncodingFilter' to: [/*]
[2018-12-12 22:25:33.387] [localhost-startStop-1] INFO  o.s.b.w.s.FilterRegistrationBean - Mapping filter: 'hiddenHttpMethodFilter' to: [/*]
[2018-12-12 22:25:33.387] [localhost-startStop-1] INFO  o.s.b.w.s.FilterRegistrationBean - Mapping filter: 'httpPutFormContentFilter' to: [/*]
[2018-12-12 22:25:33.387] [localhost-startStop-1] INFO  o.s.b.w.s.FilterRegistrationBean - Mapping filter: 'requestContextFilter' to: [/*]
[2018-12-12 22:25:33.969] [main] INFO  o.s.w.s.h.SimpleUrlHandlerMapping - Mapped URL path [/**/favicon.ico] onto handler of type [class org.springframework.web.servlet.resource.ResourceHttpRequestHandler]
[2018-12-12 22:25:34.134] [main] INFO  o.s.w.s.m.m.a.RequestMappingHandlerAdapter - Looking for @ControllerAdvice: org.springframework.boot.web.servlet.context.AnnotationConfigServletWebServerApplicationContext@1573f9fc: startup date [Wed Dec 12 22:25:30 CST 2018]; root of context hierarchy
[2018-12-12 22:25:34.184] [main] INFO  o.s.w.s.m.m.a.RequestMappingHandlerMapping - Mapped "{[/blog/update]}" onto public java.lang.String com.jeffy.demo.controller.BlogController.update(javax.servlet.http.HttpServletRequest)
[2018-12-12 22:25:34.185] [main] INFO  o.s.w.s.m.m.a.RequestMappingHandlerMapping - Mapped "{[/blog/save],methods=[POST]}" onto public java.lang.String com.jeffy.demo.controller.BlogController.save(javax.servlet.http.HttpServletRequest)
[2018-12-12 22:25:34.186] [main] INFO  o.s.w.s.m.m.a.RequestMappingHandlerMapping - Mapped "{[/blog/test]}" onto public java.util.Map<java.lang.String, java.lang.Object> com.jeffy.demo.controller.BlogController.test(javax.servlet.http.HttpServletRequest)
[2018-12-12 22:25:34.186] [main] INFO  o.s.w.s.m.m.a.RequestMappingHandlerMapping - Mapped "{[/blog/articalList]}" onto public java.util.Map<java.lang.String, java.lang.Object> com.jeffy.demo.controller.BlogController.articalList(javax.servlet.http.HttpServletRequest)
[2018-12-12 22:25:34.186] [main] INFO  o.s.w.s.m.m.a.RequestMappingHandlerMapping - Mapped "{[/blog/home]}" onto public org.springframework.web.servlet.ModelAndView com.jeffy.demo.controller.BlogController.homeView()
[2018-12-12 22:25:34.186] [main] INFO  o.s.w.s.m.m.a.RequestMappingHandlerMapping - Mapped "{[/blog/artical]}" onto public com.jeffy.demo.eneity.Artical com.jeffy.demo.controller.BlogController.artical(javax.servlet.http.HttpServletRequest)
[2018-12-12 22:25:34.188] [main] INFO  o.s.w.s.m.m.a.RequestMappingHandlerMapping - Mapped "{[/login/login]}" onto public org.springframework.web.servlet.ModelAndView com.jeffy.demo.controller.LoginController.loginView(javax.servlet.http.HttpSession)
[2018-12-12 22:25:34.188] [main] INFO  o.s.w.s.m.m.a.RequestMappingHandlerMapping - Mapped "{[/index]}" onto public org.springframework.web.servlet.ModelAndView com.jeffy.demo.controller.LoginController.indexView()
[2018-12-12 22:25:34.188] [main] INFO  o.s.w.s.m.m.a.RequestMappingHandlerMapping - Mapped "{[/login/register]}" onto public org.springframework.web.servlet.ModelAndView com.jeffy.demo.controller.LoginController.registerView()
[2018-12-12 22:25:34.189] [main] INFO  o.s.w.s.m.m.a.RequestMappingHandlerMapping - Mapped "{[/login/registerIn]}" onto public java.lang.String com.jeffy.demo.controller.LoginController.registerIn(javax.servlet.http.HttpServletRequest)
[2018-12-12 22:25:34.189] [main] INFO  o.s.w.s.m.m.a.RequestMappingHandlerMapping - Mapped "{[/login/loginIn]}" onto public java.lang.String com.jeffy.demo.controller.LoginController.loginIn(javax.servlet.http.HttpServletRequest,javax.servlet.http.HttpSession)
[2018-12-12 22:25:34.189] [main] INFO  o.s.w.s.m.m.a.RequestMappingHandlerMapping - Mapped "{[/login/loginOut]}" onto public org.springframework.web.servlet.ModelAndView com.jeffy.demo.controller.LoginController.loginOut(javax.servlet.http.HttpSession)
[2018-12-12 22:25:34.193] [main] INFO  o.s.w.s.m.m.a.RequestMappingHandlerMapping - Mapped "{[/error]}" onto public org.springframework.http.ResponseEntity<java.util.Map<java.lang.String, java.lang.Object>> org.springframework.boot.autoconfigure.web.servlet.error.BasicErrorController.error(javax.servlet.http.HttpServletRequest)
[2018-12-12 22:25:34.194] [main] INFO  o.s.w.s.m.m.a.RequestMappingHandlerMapping - Mapped "{[/error],produces=[text/html]}" onto public org.springframework.web.servlet.ModelAndView org.springframework.boot.autoconfigure.web.servlet.error.BasicErrorController.errorHtml(javax.servlet.http.HttpServletRequest,javax.servlet.http.HttpServletResponse)
[2018-12-12 22:25:34.219] [main] INFO  o.s.w.s.h.SimpleUrlHandlerMapping - Mapped URL path [/webjars/**] onto handler of type [class org.springframework.web.servlet.resource.ResourceHttpRequestHandler]
[2018-12-12 22:25:34.219] [main] INFO  o.s.w.s.h.SimpleUrlHandlerMapping - Mapped URL path [/static/**] onto handler of type [class org.springframework.web.servlet.resource.ResourceHttpRequestHandler]
[2018-12-12 22:25:34.263] [main] INFO  o.s.b.a.w.s.WelcomePageHandlerMapping - Adding welcome page template: index
[2018-12-12 22:25:34.470] [main] INFO  o.s.j.e.a.AnnotationMBeanExporter - Registering beans for JMX exposure on startup
[2018-12-12 22:25:34.472] [main] INFO  o.s.j.e.a.AnnotationMBeanExporter - Bean with name 'dataSource' has been autodetected for JMX exposure
[2018-12-12 22:25:34.477] [main] INFO  o.s.j.e.a.AnnotationMBeanExporter - Located MBean 'dataSource': registering with JMX server as MBean [com.alibaba.druid.pool:name=dataSource,type=DruidDataSource]
[2018-12-12 22:25:34.491] [main] INFO  o.a.coyote.http11.Http11NioProtocol - Starting ProtocolHandler ["http-nio-8080"]
[2018-12-12 22:25:34.500] [main] INFO  o.a.tomcat.util.net.NioSelectorPool - Using a shared selector for servlet write/read
[2018-12-12 22:25:34.520] [main] INFO  o.s.b.w.e.tomcat.TomcatWebServer - Tomcat started on port(s): 8080 (http) with context path ''
[2018-12-12 22:25:34.524] [main] INFO  com.jeffy.demo.DemoApplication - Started DemoApplication in 4.347 seconds (JVM running for 5.587)
[2018-12-12 22:25:41.211] [http-nio-8080-exec-1] INFO  o.a.c.c.C.[Tomcat].[localhost].[/] - Initializing Spring FrameworkServlet 'dispatcherServlet'
[2018-12-12 22:25:41.211] [http-nio-8080-exec-1] INFO  o.s.web.servlet.DispatcherServlet - FrameworkServlet 'dispatcherServlet': initialization started
[2018-12-12 22:25:41.227] [http-nio-8080-exec-1] INFO  o.s.web.servlet.DispatcherServlet - FrameworkServlet 'dispatcherServlet': initialization completed in 16 ms
[2018-12-12 22:25:41.328] [http-nio-8080-exec-1] INFO  c.a.druid.pool.DruidDataSource - {dataSource-1} inited
[2018-12-12 22:26:03.807] [http-nio-8080-exec-8] INFO  o.s.b.f.xml.XmlBeanDefinitionReader - Loading XML bean definitions from class path resource [org/springframework/jdbc/support/sql-error-codes.xml]
[2018-12-12 22:26:03.869] [http-nio-8080-exec-8] ERROR c.j.demo.controller.BlogController - org.springframework.jdbc.BadSqlGrammarException: 
### Error updating database.  Cause: com.mysql.jdbc.exceptions.jdbc4.MySQLSyntaxErrorException: Unknown column 'content_path' in 'field list'
### The error may involve com.jeffy.demo.dao.ArticalDao.updateByMap-Inline
### The error occurred while setting parameters
### SQL: UPDATE artical          SET title=?,                                           content_path=?,                                           title=?,                                                        type_id=?,                                           author_id=?,                                                        update_time=?                     WHERE  id = ?                                                                                               AND id = ?
### Cause: com.mysql.jdbc.exceptions.jdbc4.MySQLSyntaxErrorException: Unknown column 'content_path' in 'field list'
; bad SQL grammar []; nested exception is com.mysql.jdbc.exceptions.jdbc4.MySQLSyntaxErrorException: Unknown column 'content_path' in 'field list'
[2018-12-12 22:28:26.262] [main] INFO  com.jeffy.demo.DemoApplication - Starting DemoApplication on SLAHHVIMMGIW3DX with PID 6556 (D:\Jeffy\workplace\demo\target\classes started by Administrator in D:\Jeffy\workplace\demo)
[2018-12-12 22:28:26.268] [main] INFO  com.jeffy.demo.DemoApplication - No active profile set, falling back to default profiles: default
[2018-12-12 22:28:26.485] [main] INFO  o.s.b.w.s.c.AnnotationConfigServletWebServerApplicationContext - Refreshing org.springframework.boot.web.servlet.context.AnnotationConfigServletWebServerApplicationContext@1573f9fc: startup date [Wed Dec 12 22:28:26 CST 2018]; root of context hierarchy
[2018-12-12 22:28:28.251] [main] INFO  o.s.b.w.e.tomcat.TomcatWebServer - Tomcat initialized with port(s): 8080 (http)
[2018-12-12 22:28:28.264] [main] INFO  o.a.coyote.http11.Http11NioProtocol - Initializing ProtocolHandler ["http-nio-8080"]
[2018-12-12 22:28:28.274] [main] INFO  o.a.catalina.core.StandardService - Starting service [Tomcat]
[2018-12-12 22:28:28.274] [main] INFO  o.a.catalina.core.StandardEngine - Starting Servlet Engine: Apache Tomcat/8.5.34
[2018-12-12 22:28:28.278] [localhost-startStop-1] INFO  o.a.c.core.AprLifecycleListener - The APR based Apache Tomcat Native library which allows optimal performance in production environments was not found on the java.library.path: [D:\software\Java\jdk1.8\bin;C:\Windows\Sun\Java\bin;C:\Windows\system32;C:\Windows;C:\Program Files (x86)\Common Files\Oracle\Java\javapath;C:\Windows\system32;C:\Windows;C:\Windows\System32\Wbem;C:\Windows\System32\WindowsPowerShell\v1.0\;D:\software\Java\jdk1.8\bin;D:\software\Java\jdk1.8\jre\bin;D:\software\Python\Scripts\;D:\software\Python\;D:\software\PyCharmCommunityEdition\bin;;.]
[2018-12-12 22:28:28.516] [localhost-startStop-1] INFO  o.apache.jasper.servlet.TldScanner - At least one JAR was scanned for TLDs yet contained no TLDs. Enable debug logging for this logger for a complete list of JARs that were scanned but no TLDs were found in them. Skipping unneeded JARs during scanning can improve startup time and JSP compilation time.
[2018-12-12 22:28:28.520] [localhost-startStop-1] INFO  o.a.c.c.C.[Tomcat].[localhost].[/] - Initializing Spring embedded WebApplicationContext
[2018-12-12 22:28:28.521] [localhost-startStop-1] INFO  o.s.web.context.ContextLoader - Root WebApplicationContext: initialization completed in 2036 ms
[2018-12-12 22:28:28.579] [localhost-startStop-1] INFO  o.s.b.w.s.ServletRegistrationBean - Servlet dispatcherServlet mapped to [/]
[2018-12-12 22:28:28.583] [localhost-startStop-1] INFO  o.s.b.w.s.FilterRegistrationBean - Mapping filter: 'characterEncodingFilter' to: [/*]
[2018-12-12 22:28:28.583] [localhost-startStop-1] INFO  o.s.b.w.s.FilterRegistrationBean - Mapping filter: 'hiddenHttpMethodFilter' to: [/*]
[2018-12-12 22:28:28.583] [localhost-startStop-1] INFO  o.s.b.w.s.FilterRegistrationBean - Mapping filter: 'httpPutFormContentFilter' to: [/*]
[2018-12-12 22:28:28.584] [localhost-startStop-1] INFO  o.s.b.w.s.FilterRegistrationBean - Mapping filter: 'requestContextFilter' to: [/*]
[2018-12-12 22:28:29.157] [main] INFO  o.s.w.s.h.SimpleUrlHandlerMapping - Mapped URL path [/**/favicon.ico] onto handler of type [class org.springframework.web.servlet.resource.ResourceHttpRequestHandler]
[2018-12-12 22:28:29.326] [main] INFO  o.s.w.s.m.m.a.RequestMappingHandlerAdapter - Looking for @ControllerAdvice: org.springframework.boot.web.servlet.context.AnnotationConfigServletWebServerApplicationContext@1573f9fc: startup date [Wed Dec 12 22:28:26 CST 2018]; root of context hierarchy
[2018-12-12 22:28:29.375] [main] INFO  o.s.w.s.m.m.a.RequestMappingHandlerMapping - Mapped "{[/blog/update]}" onto public java.lang.String com.jeffy.demo.controller.BlogController.update(javax.servlet.http.HttpServletRequest)
[2018-12-12 22:28:29.376] [main] INFO  o.s.w.s.m.m.a.RequestMappingHandlerMapping - Mapped "{[/blog/save],methods=[POST]}" onto public java.lang.String com.jeffy.demo.controller.BlogController.save(javax.servlet.http.HttpServletRequest)
[2018-12-12 22:28:29.377] [main] INFO  o.s.w.s.m.m.a.RequestMappingHandlerMapping - Mapped "{[/blog/test]}" onto public java.util.Map<java.lang.String, java.lang.Object> com.jeffy.demo.controller.BlogController.test(javax.servlet.http.HttpServletRequest)
[2018-12-12 22:28:29.377] [main] INFO  o.s.w.s.m.m.a.RequestMappingHandlerMapping - Mapped "{[/blog/articalList]}" onto public java.util.Map<java.lang.String, java.lang.Object> com.jeffy.demo.controller.BlogController.articalList(javax.servlet.http.HttpServletRequest)
[2018-12-12 22:28:29.377] [main] INFO  o.s.w.s.m.m.a.RequestMappingHandlerMapping - Mapped "{[/blog/home]}" onto public org.springframework.web.servlet.ModelAndView com.jeffy.demo.controller.BlogController.homeView()
[2018-12-12 22:28:29.377] [main] INFO  o.s.w.s.m.m.a.RequestMappingHandlerMapping - Mapped "{[/blog/artical]}" onto public com.jeffy.demo.eneity.Artical com.jeffy.demo.controller.BlogController.artical(javax.servlet.http.HttpServletRequest)
[2018-12-12 22:28:29.378] [main] INFO  o.s.w.s.m.m.a.RequestMappingHandlerMapping - Mapped "{[/login/login]}" onto public org.springframework.web.servlet.ModelAndView com.jeffy.demo.controller.LoginController.loginView(javax.servlet.http.HttpSession)
[2018-12-12 22:28:29.379] [main] INFO  o.s.w.s.m.m.a.RequestMappingHandlerMapping - Mapped "{[/index]}" onto public org.springframework.web.servlet.ModelAndView com.jeffy.demo.controller.LoginController.indexView()
[2018-12-12 22:28:29.379] [main] INFO  o.s.w.s.m.m.a.RequestMappingHandlerMapping - Mapped "{[/login/register]}" onto public org.springframework.web.servlet.ModelAndView com.jeffy.demo.controller.LoginController.registerView()
[2018-12-12 22:28:29.379] [main] INFO  o.s.w.s.m.m.a.RequestMappingHandlerMapping - Mapped "{[/login/registerIn]}" onto public java.lang.String com.jeffy.demo.controller.LoginController.registerIn(javax.servlet.http.HttpServletRequest)
[2018-12-12 22:28:29.380] [main] INFO  o.s.w.s.m.m.a.RequestMappingHandlerMapping - Mapped "{[/login/loginIn]}" onto public java.lang.String com.jeffy.demo.controller.LoginController.loginIn(javax.servlet.http.HttpServletRequest,javax.servlet.http.HttpSession)
[2018-12-12 22:28:29.380] [main] INFO  o.s.w.s.m.m.a.RequestMappingHandlerMapping - Mapped "{[/login/loginOut]}" onto public org.springframework.web.servlet.ModelAndView com.jeffy.demo.controller.LoginController.loginOut(javax.servlet.http.HttpSession)
[2018-12-12 22:28:29.384] [main] INFO  o.s.w.s.m.m.a.RequestMappingHandlerMapping - Mapped "{[/error]}" onto public org.springframework.http.ResponseEntity<java.util.Map<java.lang.String, java.lang.Object>> org.springframework.boot.autoconfigure.web.servlet.error.BasicErrorController.error(javax.servlet.http.HttpServletRequest)
[2018-12-12 22:28:29.384] [main] INFO  o.s.w.s.m.m.a.RequestMappingHandlerMapping - Mapped "{[/error],produces=[text/html]}" onto public org.springframework.web.servlet.ModelAndView org.springframework.boot.autoconfigure.web.servlet.error.BasicErrorController.errorHtml(javax.servlet.http.HttpServletRequest,javax.servlet.http.HttpServletResponse)
[2018-12-12 22:28:29.408] [main] INFO  o.s.w.s.h.SimpleUrlHandlerMapping - Mapped URL path [/webjars/**] onto handler of type [class org.springframework.web.servlet.resource.ResourceHttpRequestHandler]
[2018-12-12 22:28:29.408] [main] INFO  o.s.w.s.h.SimpleUrlHandlerMapping - Mapped URL path [/static/**] onto handler of type [class org.springframework.web.servlet.resource.ResourceHttpRequestHandler]
[2018-12-12 22:28:29.447] [main] INFO  o.s.b.a.w.s.WelcomePageHandlerMapping - Adding welcome page template: index
[2018-12-12 22:28:29.649] [main] INFO  o.s.j.e.a.AnnotationMBeanExporter - Registering beans for JMX exposure on startup
[2018-12-12 22:28:29.651] [main] INFO  o.s.j.e.a.AnnotationMBeanExporter - Bean with name 'dataSource' has been autodetected for JMX exposure
[2018-12-12 22:28:29.656] [main] INFO  o.s.j.e.a.AnnotationMBeanExporter - Located MBean 'dataSource': registering with JMX server as MBean [com.alibaba.druid.pool:name=dataSource,type=DruidDataSource]
[2018-12-12 22:28:29.669] [main] INFO  o.a.coyote.http11.Http11NioProtocol - Starting ProtocolHandler ["http-nio-8080"]
[2018-12-12 22:28:29.680] [main] INFO  o.a.tomcat.util.net.NioSelectorPool - Using a shared selector for servlet write/read
[2018-12-12 22:28:29.700] [main] INFO  o.s.b.w.e.tomcat.TomcatWebServer - Tomcat started on port(s): 8080 (http) with context path ''
[2018-12-12 22:28:29.704] [main] INFO  com.jeffy.demo.DemoApplication - Started DemoApplication in 4.074 seconds (JVM running for 5.277)
[2018-12-12 22:28:33.620] [http-nio-8080-exec-1] INFO  o.a.c.c.C.[Tomcat].[localhost].[/] - Initializing Spring FrameworkServlet 'dispatcherServlet'
[2018-12-12 22:28:33.620] [http-nio-8080-exec-1] INFO  o.s.web.servlet.DispatcherServlet - FrameworkServlet 'dispatcherServlet': initialization started
[2018-12-12 22:28:33.636] [http-nio-8080-exec-1] INFO  o.s.web.servlet.DispatcherServlet - FrameworkServlet 'dispatcherServlet': initialization completed in 16 ms
[2018-12-12 22:28:35.774] [http-nio-8080-exec-3] INFO  c.a.druid.pool.DruidDataSource - {dataSource-1} inited
[2018-12-12 22:35:24.073] [http-nio-8080-exec-2] WARN  o.s.w.s.m.s.DefaultHandlerExceptionResolver - Resolved [org.springframework.web.HttpRequestMethodNotSupportedException: Request method 'GET' not supported]
[2018-12-12 22:38:18.701] [main] INFO  com.jeffy.demo.DemoApplication - Starting DemoApplication on SLAHHVIMMGIW3DX with PID 5504 (D:\Jeffy\workplace\demo\target\classes started by Administrator in D:\Jeffy\workplace\demo)
[2018-12-12 22:38:18.707] [main] INFO  com.jeffy.demo.DemoApplication - No active profile set, falling back to default profiles: default
[2018-12-12 22:38:18.792] [main] INFO  o.s.b.w.s.c.AnnotationConfigServletWebServerApplicationContext - Refreshing org.springframework.boot.web.servlet.context.AnnotationConfigServletWebServerApplicationContext@1573f9fc: startup date [Wed Dec 12 22:38:18 CST 2018]; root of context hierarchy
[2018-12-12 22:38:20.665] [main] INFO  o.s.b.w.e.tomcat.TomcatWebServer - Tomcat initialized with port(s): 8080 (http)
[2018-12-12 22:38:20.678] [main] INFO  o.a.coyote.http11.Http11NioProtocol - Initializing ProtocolHandler ["http-nio-8080"]
[2018-12-12 22:38:20.688] [main] INFO  o.a.catalina.core.StandardService - Starting service [Tomcat]
[2018-12-12 22:38:20.689] [main] INFO  o.a.catalina.core.StandardEngine - Starting Servlet Engine: Apache Tomcat/8.5.34
[2018-12-12 22:38:20.693] [localhost-startStop-1] INFO  o.a.c.core.AprLifecycleListener - The APR based Apache Tomcat Native library which allows optimal performance in production environments was not found on the java.library.path: [D:\software\Java\jdk1.8\bin;C:\Windows\Sun\Java\bin;C:\Windows\system32;C:\Windows;C:\Program Files (x86)\Common Files\Oracle\Java\javapath;C:\Windows\system32;C:\Windows;C:\Windows\System32\Wbem;C:\Windows\System32\WindowsPowerShell\v1.0\;D:\software\Java\jdk1.8\bin;D:\software\Java\jdk1.8\jre\bin;D:\software\Python\Scripts\;D:\software\Python\;D:\software\PyCharmCommunityEdition\bin;;.]
[2018-12-12 22:38:20.908] [localhost-startStop-1] INFO  o.apache.jasper.servlet.TldScanner - At least one JAR was scanned for TLDs yet contained no TLDs. Enable debug logging for this logger for a complete list of JARs that were scanned but no TLDs were found in them. Skipping unneeded JARs during scanning can improve startup time and JSP compilation time.
[2018-12-12 22:38:20.914] [localhost-startStop-1] INFO  o.a.c.c.C.[Tomcat].[localhost].[/] - Initializing Spring embedded WebApplicationContext
[2018-12-12 22:38:20.915] [localhost-startStop-1] INFO  o.s.web.context.ContextLoader - Root WebApplicationContext: initialization completed in 2123 ms
[2018-12-12 22:38:20.976] [localhost-startStop-1] INFO  o.s.b.w.s.ServletRegistrationBean - Servlet dispatcherServlet mapped to [/]
[2018-12-12 22:38:20.981] [localhost-startStop-1] INFO  o.s.b.w.s.FilterRegistrationBean - Mapping filter: 'characterEncodingFilter' to: [/*]
[2018-12-12 22:38:20.981] [localhost-startStop-1] INFO  o.s.b.w.s.FilterRegistrationBean - Mapping filter: 'hiddenHttpMethodFilter' to: [/*]
[2018-12-12 22:38:20.981] [localhost-startStop-1] INFO  o.s.b.w.s.FilterRegistrationBean - Mapping filter: 'httpPutFormContentFilter' to: [/*]
[2018-12-12 22:38:20.981] [localhost-startStop-1] INFO  o.s.b.w.s.FilterRegistrationBean - Mapping filter: 'requestContextFilter' to: [/*]
[2018-12-12 22:38:21.551] [main] INFO  o.s.w.s.h.SimpleUrlHandlerMapping - Mapped URL path [/**/favicon.ico] onto handler of type [class org.springframework.web.servlet.resource.ResourceHttpRequestHandler]
[2018-12-12 22:38:21.720] [main] INFO  o.s.w.s.m.m.a.RequestMappingHandlerAdapter - Looking for @ControllerAdvice: org.springframework.boot.web.servlet.context.AnnotationConfigServletWebServerApplicationContext@1573f9fc: startup date [Wed Dec 12 22:38:18 CST 2018]; root of context hierarchy
[2018-12-12 22:38:21.770] [main] INFO  o.s.w.s.m.m.a.RequestMappingHandlerMapping - Mapped "{[/blog/update]}" onto public java.lang.String com.jeffy.demo.controller.BlogController.update(javax.servlet.http.HttpServletRequest)
[2018-12-12 22:38:21.771] [main] INFO  o.s.w.s.m.m.a.RequestMappingHandlerMapping - Mapped "{[/blog/save],methods=[POST]}" onto public java.lang.String com.jeffy.demo.controller.BlogController.save(javax.servlet.http.HttpServletRequest)
[2018-12-12 22:38:21.772] [main] INFO  o.s.w.s.m.m.a.RequestMappingHandlerMapping - Mapped "{[/blog/test]}" onto public java.util.Map<java.lang.String, java.lang.Object> com.jeffy.demo.controller.BlogController.test(javax.servlet.http.HttpServletRequest)
[2018-12-12 22:38:21.772] [main] INFO  o.s.w.s.m.m.a.RequestMappingHandlerMapping - Mapped "{[/blog/articalList]}" onto public java.util.Map<java.lang.String, java.lang.Object> com.jeffy.demo.controller.BlogController.articalList(javax.servlet.http.HttpServletRequest)
[2018-12-12 22:38:21.773] [main] INFO  o.s.w.s.m.m.a.RequestMappingHandlerMapping - Mapped "{[/blog/artical]}" onto public com.jeffy.demo.eneity.Artical com.jeffy.demo.controller.BlogController.artical(javax.servlet.http.HttpServletRequest)
[2018-12-12 22:38:21.773] [main] INFO  o.s.w.s.m.m.a.RequestMappingHandlerMapping - Mapped "{[/blog/home]}" onto public org.springframework.web.servlet.ModelAndView com.jeffy.demo.controller.BlogController.homeView()
[2018-12-12 22:38:21.774] [main] INFO  o.s.w.s.m.m.a.RequestMappingHandlerMapping - Mapped "{[/login/login]}" onto public org.springframework.web.servlet.ModelAndView com.jeffy.demo.controller.LoginController.loginView(javax.servlet.http.HttpSession)
[2018-12-12 22:38:21.775] [main] INFO  o.s.w.s.m.m.a.RequestMappingHandlerMapping - Mapped "{[/login/register]}" onto public org.springframework.web.servlet.ModelAndView com.jeffy.demo.controller.LoginController.registerView()
[2018-12-12 22:38:21.775] [main] INFO  o.s.w.s.m.m.a.RequestMappingHandlerMapping - Mapped "{[/index]}" onto public org.springframework.web.servlet.ModelAndView com.jeffy.demo.controller.LoginController.indexView()
[2018-12-12 22:38:21.776] [main] INFO  o.s.w.s.m.m.a.RequestMappingHandlerMapping - Mapped "{[/login/registerIn]}" onto public java.lang.String com.jeffy.demo.controller.LoginController.registerIn(javax.servlet.http.HttpServletRequest)
[2018-12-12 22:38:21.776] [main] INFO  o.s.w.s.m.m.a.RequestMappingHandlerMapping - Mapped "{[/login/loginIn]}" onto public java.lang.String com.jeffy.demo.controller.LoginController.loginIn(javax.servlet.http.HttpServletRequest,javax.servlet.http.HttpSession)
[2018-12-12 22:38:21.777] [main] INFO  o.s.w.s.m.m.a.RequestMappingHandlerMapping - Mapped "{[/login/loginOut]}" onto public org.springframework.web.servlet.ModelAndView com.jeffy.demo.controller.LoginController.loginOut(javax.servlet.http.HttpSession)
[2018-12-12 22:38:21.782] [main] INFO  o.s.w.s.m.m.a.RequestMappingHandlerMapping - Mapped "{[/error]}" onto public org.springframework.http.ResponseEntity<java.util.Map<java.lang.String, java.lang.Object>> org.springframework.boot.autoconfigure.web.servlet.error.BasicErrorController.error(javax.servlet.http.HttpServletRequest)
[2018-12-12 22:38:21.783] [main] INFO  o.s.w.s.m.m.a.RequestMappingHandlerMapping - Mapped "{[/error],produces=[text/html]}" onto public org.springframework.web.servlet.ModelAndView org.springframework.boot.autoconfigure.web.servlet.error.BasicErrorController.errorHtml(javax.servlet.http.HttpServletRequest,javax.servlet.http.HttpServletResponse)
[2018-12-12 22:38:21.808] [main] INFO  o.s.w.s.h.SimpleUrlHandlerMapping - Mapped URL path [/webjars/**] onto handler of type [class org.springframework.web.servlet.resource.ResourceHttpRequestHandler]
[2018-12-12 22:38:21.808] [main] INFO  o.s.w.s.h.SimpleUrlHandlerMapping - Mapped URL path [/static/**] onto handler of type [class org.springframework.web.servlet.resource.ResourceHttpRequestHandler]
[2018-12-12 22:38:21.853] [main] INFO  o.s.b.a.w.s.WelcomePageHandlerMapping - Adding welcome page template: index
[2018-12-12 22:38:22.078] [main] INFO  o.s.j.e.a.AnnotationMBeanExporter - Registering beans for JMX exposure on startup
[2018-12-12 22:38:22.080] [main] INFO  o.s.j.e.a.AnnotationMBeanExporter - Bean with name 'dataSource' has been autodetected for JMX exposure
[2018-12-12 22:38:22.086] [main] INFO  o.s.j.e.a.AnnotationMBeanExporter - Located MBean 'dataSource': registering with JMX server as MBean [com.alibaba.druid.pool:name=dataSource,type=DruidDataSource]
[2018-12-12 22:38:22.098] [main] INFO  o.a.coyote.http11.Http11NioProtocol - Starting ProtocolHandler ["http-nio-8080"]
[2018-12-12 22:38:22.108] [main] INFO  o.a.tomcat.util.net.NioSelectorPool - Using a shared selector for servlet write/read
[2018-12-12 22:38:22.126] [main] INFO  o.s.b.w.e.tomcat.TomcatWebServer - Tomcat started on port(s): 8080 (http) with context path ''
[2018-12-12 22:38:22.130] [main] INFO  com.jeffy.demo.DemoApplication - Started DemoApplication in 4.148 seconds (JVM running for 5.429)
[2018-12-12 22:38:34.021] [http-nio-8080-exec-1] INFO  o.a.c.c.C.[Tomcat].[localhost].[/] - Initializing Spring FrameworkServlet 'dispatcherServlet'
[2018-12-12 22:38:34.021] [http-nio-8080-exec-1] INFO  o.s.web.servlet.DispatcherServlet - FrameworkServlet 'dispatcherServlet': initialization started
[2018-12-12 22:38:34.038] [http-nio-8080-exec-1] INFO  o.s.web.servlet.DispatcherServlet - FrameworkServlet 'dispatcherServlet': initialization completed in 16 ms
[2018-12-12 22:39:12.746] [main] INFO  com.jeffy.demo.DemoApplication - Starting DemoApplication on SLAHHVIMMGIW3DX with PID 3668 (D:\Jeffy\workplace\demo\target\classes started by Administrator in D:\Jeffy\workplace\demo)
[2018-12-12 22:39:12.752] [main] INFO  com.jeffy.demo.DemoApplication - No active profile set, falling back to default profiles: default
[2018-12-12 22:39:12.990] [main] INFO  o.s.b.w.s.c.AnnotationConfigServletWebServerApplicationContext - Refreshing org.springframework.boot.web.servlet.context.AnnotationConfigServletWebServerApplicationContext@1573f9fc: startup date [Wed Dec 12 22:39:12 CST 2018]; root of context hierarchy
[2018-12-12 22:39:14.596] [main] INFO  o.s.b.w.e.tomcat.TomcatWebServer - Tomcat initialized with port(s): 8080 (http)
[2018-12-12 22:39:14.609] [main] INFO  o.a.coyote.http11.Http11NioProtocol - Initializing ProtocolHandler ["http-nio-8080"]
[2018-12-12 22:39:14.618] [main] INFO  o.a.catalina.core.StandardService - Starting service [Tomcat]
[2018-12-12 22:39:14.619] [main] INFO  o.a.catalina.core.StandardEngine - Starting Servlet Engine: Apache Tomcat/8.5.34
[2018-12-12 22:39:14.623] [localhost-startStop-1] INFO  o.a.c.core.AprLifecycleListener - The APR based Apache Tomcat Native library which allows optimal performance in production environments was not found on the java.library.path: [D:\software\Java\jdk1.8\bin;C:\Windows\Sun\Java\bin;C:\Windows\system32;C:\Windows;C:\Program Files (x86)\Common Files\Oracle\Java\javapath;C:\Windows\system32;C:\Windows;C:\Windows\System32\Wbem;C:\Windows\System32\WindowsPowerShell\v1.0\;D:\software\Java\jdk1.8\bin;D:\software\Java\jdk1.8\jre\bin;D:\software\Python\Scripts\;D:\software\Python\;D:\software\PyCharmCommunityEdition\bin;;.]
[2018-12-12 22:39:14.886] [localhost-startStop-1] INFO  o.apache.jasper.servlet.TldScanner - At least one JAR was scanned for TLDs yet contained no TLDs. Enable debug logging for this logger for a complete list of JARs that were scanned but no TLDs were found in them. Skipping unneeded JARs during scanning can improve startup time and JSP compilation time.
[2018-12-12 22:39:14.894] [localhost-startStop-1] INFO  o.a.c.c.C.[Tomcat].[localhost].[/] - Initializing Spring embedded WebApplicationContext
[2018-12-12 22:39:14.894] [localhost-startStop-1] INFO  o.s.web.context.ContextLoader - Root WebApplicationContext: initialization completed in 1904 ms
[2018-12-12 22:39:14.958] [localhost-startStop-1] INFO  o.s.b.w.s.ServletRegistrationBean - Servlet dispatcherServlet mapped to [/]
[2018-12-12 22:39:14.962] [localhost-startStop-1] INFO  o.s.b.w.s.FilterRegistrationBean - Mapping filter: 'characterEncodingFilter' to: [/*]
[2018-12-12 22:39:14.963] [localhost-startStop-1] INFO  o.s.b.w.s.FilterRegistrationBean - Mapping filter: 'hiddenHttpMethodFilter' to: [/*]
[2018-12-12 22:39:14.963] [localhost-startStop-1] INFO  o.s.b.w.s.FilterRegistrationBean - Mapping filter: 'httpPutFormContentFilter' to: [/*]
[2018-12-12 22:39:14.963] [localhost-startStop-1] INFO  o.s.b.w.s.FilterRegistrationBean - Mapping filter: 'requestContextFilter' to: [/*]
[2018-12-12 22:39:15.536] [main] INFO  o.s.w.s.h.SimpleUrlHandlerMapping - Mapped URL path [/**/favicon.ico] onto handler of type [class org.springframework.web.servlet.resource.ResourceHttpRequestHandler]
[2018-12-12 22:39:15.703] [main] INFO  o.s.w.s.m.m.a.RequestMappingHandlerAdapter - Looking for @ControllerAdvice: org.springframework.boot.web.servlet.context.AnnotationConfigServletWebServerApplicationContext@1573f9fc: startup date [Wed Dec 12 22:39:12 CST 2018]; root of context hierarchy
[2018-12-12 22:39:15.752] [main] INFO  o.s.w.s.m.m.a.RequestMappingHandlerMapping - Mapped "{[/blog/update]}" onto public java.lang.String com.jeffy.demo.controller.BlogController.update(javax.servlet.http.HttpServletRequest)
[2018-12-12 22:39:15.753] [main] INFO  o.s.w.s.m.m.a.RequestMappingHandlerMapping - Mapped "{[/blog/save],methods=[POST]}" onto public java.lang.String com.jeffy.demo.controller.BlogController.save(javax.servlet.http.HttpServletRequest)
[2018-12-12 22:39:15.754] [main] INFO  o.s.w.s.m.m.a.RequestMappingHandlerMapping - Mapped "{[/blog/test]}" onto public java.util.Map<java.lang.String, java.lang.Object> com.jeffy.demo.controller.BlogController.test(javax.servlet.http.HttpServletRequest)
[2018-12-12 22:39:15.754] [main] INFO  o.s.w.s.m.m.a.RequestMappingHandlerMapping - Mapped "{[/blog/articalList]}" onto public java.util.Map<java.lang.String, java.lang.Object> com.jeffy.demo.controller.BlogController.articalList(javax.servlet.http.HttpServletRequest)
[2018-12-12 22:39:15.754] [main] INFO  o.s.w.s.m.m.a.RequestMappingHandlerMapping - Mapped "{[/blog/home]}" onto public org.springframework.web.servlet.ModelAndView com.jeffy.demo.controller.BlogController.homeView()
[2018-12-12 22:39:15.754] [main] INFO  o.s.w.s.m.m.a.RequestMappingHandlerMapping - Mapped "{[/blog/artical]}" onto public com.jeffy.demo.eneity.Artical com.jeffy.demo.controller.BlogController.artical(javax.servlet.http.HttpServletRequest)
[2018-12-12 22:39:15.755] [main] INFO  o.s.w.s.m.m.a.RequestMappingHandlerMapping - Mapped "{[/login/login]}" onto public org.springframework.web.servlet.ModelAndView com.jeffy.demo.controller.LoginController.loginView(javax.servlet.http.HttpSession)
[2018-12-12 22:39:15.756] [main] INFO  o.s.w.s.m.m.a.RequestMappingHandlerMapping - Mapped "{[/login/register]}" onto public org.springframework.web.servlet.ModelAndView com.jeffy.demo.controller.LoginController.registerView()
[2018-12-12 22:39:15.756] [main] INFO  o.s.w.s.m.m.a.RequestMappingHandlerMapping - Mapped "{[/index]}" onto public org.springframework.web.servlet.ModelAndView com.jeffy.demo.controller.LoginController.indexView()
[2018-12-12 22:39:15.756] [main] INFO  o.s.w.s.m.m.a.RequestMappingHandlerMapping - Mapped "{[/login/registerIn]}" onto public java.lang.String com.jeffy.demo.controller.LoginController.registerIn(javax.servlet.http.HttpServletRequest)
[2018-12-12 22:39:15.757] [main] INFO  o.s.w.s.m.m.a.RequestMappingHandlerMapping - Mapped "{[/login/loginIn]}" onto public java.lang.String com.jeffy.demo.controller.LoginController.loginIn(javax.servlet.http.HttpServletRequest,javax.servlet.http.HttpSession)
[2018-12-12 22:39:15.757] [main] INFO  o.s.w.s.m.m.a.RequestMappingHandlerMapping - Mapped "{[/login/loginOut]}" onto public org.springframework.web.servlet.ModelAndView com.jeffy.demo.controller.LoginController.loginOut(javax.servlet.http.HttpSession)
[2018-12-12 22:39:15.762] [main] INFO  o.s.w.s.m.m.a.RequestMappingHandlerMapping - Mapped "{[/error]}" onto public org.springframework.http.ResponseEntity<java.util.Map<java.lang.String, java.lang.Object>> org.springframework.boot.autoconfigure.web.servlet.error.BasicErrorController.error(javax.servlet.http.HttpServletRequest)
[2018-12-12 22:39:15.763] [main] INFO  o.s.w.s.m.m.a.RequestMappingHandlerMapping - Mapped "{[/error],produces=[text/html]}" onto public org.springframework.web.servlet.ModelAndView org.springframework.boot.autoconfigure.web.servlet.error.BasicErrorController.errorHtml(javax.servlet.http.HttpServletRequest,javax.servlet.http.HttpServletResponse)
[2018-12-12 22:39:15.791] [main] INFO  o.s.w.s.h.SimpleUrlHandlerMapping - Mapped URL path [/webjars/**] onto handler of type [class org.springframework.web.servlet.resource.ResourceHttpRequestHandler]
[2018-12-12 22:39:15.791] [main] INFO  o.s.w.s.h.SimpleUrlHandlerMapping - Mapped URL path [/static/**] onto handler of type [class org.springframework.web.servlet.resource.ResourceHttpRequestHandler]
[2018-12-12 22:39:15.836] [main] INFO  o.s.b.a.w.s.WelcomePageHandlerMapping - Adding welcome page template: index
[2018-12-12 22:39:16.044] [main] INFO  o.s.j.e.a.AnnotationMBeanExporter - Registering beans for JMX exposure on startup
[2018-12-12 22:39:16.045] [main] INFO  o.s.j.e.a.AnnotationMBeanExporter - Bean with name 'dataSource' has been autodetected for JMX exposure
[2018-12-12 22:39:16.050] [main] INFO  o.s.j.e.a.AnnotationMBeanExporter - Located MBean 'dataSource': registering with JMX server as MBean [com.alibaba.druid.pool:name=dataSource,type=DruidDataSource]
[2018-12-12 22:39:16.064] [main] INFO  o.a.coyote.http11.Http11NioProtocol - Starting ProtocolHandler ["http-nio-8080"]
[2018-12-12 22:39:16.072] [main] INFO  o.a.tomcat.util.net.NioSelectorPool - Using a shared selector for servlet write/read
[2018-12-12 22:39:16.091] [main] INFO  o.s.b.w.e.tomcat.TomcatWebServer - Tomcat started on port(s): 8080 (http) with context path ''
[2018-12-12 22:39:16.095] [main] INFO  com.jeffy.demo.DemoApplication - Started DemoApplication in 4.311 seconds (JVM running for 5.583)
[2018-12-12 22:39:20.174] [http-nio-8080-exec-1] INFO  o.a.c.c.C.[Tomcat].[localhost].[/] - Initializing Spring FrameworkServlet 'dispatcherServlet'
[2018-12-12 22:39:20.175] [http-nio-8080-exec-1] INFO  o.s.web.servlet.DispatcherServlet - FrameworkServlet 'dispatcherServlet': initialization started
[2018-12-12 22:39:20.193] [http-nio-8080-exec-1] INFO  o.s.web.servlet.DispatcherServlet - FrameworkServlet 'dispatcherServlet': initialization completed in 18 ms
[2018-12-12 22:39:22.048] [http-nio-8080-exec-3] INFO  c.a.druid.pool.DruidDataSource - {dataSource-1} inited
[2018-12-12 22:39:44.298] [http-nio-8080-exec-5] WARN  o.s.w.s.m.s.DefaultHandlerExceptionResolver - Resolved [org.springframework.web.HttpRequestMethodNotSupportedException: Request method 'GET' not supported]
[2018-12-12 22:40:43.768] [http-nio-8080-exec-8] WARN  o.s.w.s.m.s.DefaultHandlerExceptionResolver - Resolved [org.springframework.web.HttpRequestMethodNotSupportedException: Request method 'GET' not supported]
[2018-12-12 22:40:52.873] [http-nio-8080-exec-10] WARN  o.s.w.s.m.s.DefaultHandlerExceptionResolver - Resolved [org.springframework.web.HttpRequestMethodNotSupportedException: Request method 'GET' not supported]
[2018-12-12 22:45:04.630] [main] INFO  com.jeffy.demo.DemoApplication - Starting DemoApplication on SLAHHVIMMGIW3DX with PID 6904 (D:\Jeffy\workplace\demo\target\classes started by Administrator in D:\Jeffy\workplace\demo)
[2018-12-12 22:45:04.635] [main] INFO  com.jeffy.demo.DemoApplication - No active profile set, falling back to default profiles: default
[2018-12-12 22:45:04.706] [main] INFO  o.s.b.w.s.c.AnnotationConfigServletWebServerApplicationContext - Refreshing org.springframework.boot.web.servlet.context.AnnotationConfigServletWebServerApplicationContext@5542c4ed: startup date [Wed Dec 12 22:45:04 CST 2018]; root of context hierarchy
[2018-12-12 22:45:06.313] [main] INFO  o.s.b.w.e.tomcat.TomcatWebServer - Tomcat initialized with port(s): 8080 (http)
[2018-12-12 22:45:06.325] [main] INFO  o.a.coyote.http11.Http11NioProtocol - Initializing ProtocolHandler ["http-nio-8080"]
[2018-12-12 22:45:06.334] [main] INFO  o.a.catalina.core.StandardService - Starting service [Tomcat]
[2018-12-12 22:45:06.334] [main] INFO  o.a.catalina.core.StandardEngine - Starting Servlet Engine: Apache Tomcat/8.5.34
[2018-12-12 22:45:06.339] [localhost-startStop-1] INFO  o.a.c.core.AprLifecycleListener - The APR based Apache Tomcat Native library which allows optimal performance in production environments was not found on the java.library.path: [D:\software\Java\jdk1.8\bin;C:\Windows\Sun\Java\bin;C:\Windows\system32;C:\Windows;C:\Program Files (x86)\Common Files\Oracle\Java\javapath;C:\Windows\system32;C:\Windows;C:\Windows\System32\Wbem;C:\Windows\System32\WindowsPowerShell\v1.0\;D:\software\Java\jdk1.8\bin;D:\software\Java\jdk1.8\jre\bin;D:\software\Python\Scripts\;D:\software\Python\;D:\software\PyCharmCommunityEdition\bin;;.]
[2018-12-12 22:45:06.544] [localhost-startStop-1] INFO  o.apache.jasper.servlet.TldScanner - At least one JAR was scanned for TLDs yet contained no TLDs. Enable debug logging for this logger for a complete list of JARs that were scanned but no TLDs were found in them. Skipping unneeded JARs during scanning can improve startup time and JSP compilation time.
[2018-12-12 22:45:06.549] [localhost-startStop-1] INFO  o.a.c.c.C.[Tomcat].[localhost].[/] - Initializing Spring embedded WebApplicationContext
[2018-12-12 22:45:06.549] [localhost-startStop-1] INFO  o.s.web.context.ContextLoader - Root WebApplicationContext: initialization completed in 1843 ms
[2018-12-12 22:45:06.617] [localhost-startStop-1] INFO  o.s.b.w.s.ServletRegistrationBean - Servlet dispatcherServlet mapped to [/]
[2018-12-12 22:45:06.623] [localhost-startStop-1] INFO  o.s.b.w.s.FilterRegistrationBean - Mapping filter: 'characterEncodingFilter' to: [/*]
[2018-12-12 22:45:06.623] [localhost-startStop-1] INFO  o.s.b.w.s.FilterRegistrationBean - Mapping filter: 'hiddenHttpMethodFilter' to: [/*]
[2018-12-12 22:45:06.623] [localhost-startStop-1] INFO  o.s.b.w.s.FilterRegistrationBean - Mapping filter: 'httpPutFormContentFilter' to: [/*]
[2018-12-12 22:45:06.623] [localhost-startStop-1] INFO  o.s.b.w.s.FilterRegistrationBean - Mapping filter: 'requestContextFilter' to: [/*]
[2018-12-12 22:45:07.202] [main] INFO  o.s.w.s.h.SimpleUrlHandlerMapping - Mapped URL path [/**/favicon.ico] onto handler of type [class org.springframework.web.servlet.resource.ResourceHttpRequestHandler]
[2018-12-12 22:45:07.371] [main] INFO  o.s.w.s.m.m.a.RequestMappingHandlerAdapter - Looking for @ControllerAdvice: org.springframework.boot.web.servlet.context.AnnotationConfigServletWebServerApplicationContext@5542c4ed: startup date [Wed Dec 12 22:45:04 CST 2018]; root of context hierarchy
[2018-12-12 22:45:07.422] [main] INFO  o.s.w.s.m.m.a.RequestMappingHandlerMapping - Mapped "{[/blog/update],methods=[POST]}" onto public java.lang.String com.jeffy.demo.controller.BlogController.update(javax.servlet.http.HttpServletRequest)
[2018-12-12 22:45:07.423] [main] INFO  o.s.w.s.m.m.a.RequestMappingHandlerMapping - Mapped "{[/blog/save],methods=[POST]}" onto public java.lang.String com.jeffy.demo.controller.BlogController.save(javax.servlet.http.HttpServletRequest)
[2018-12-12 22:45:07.424] [main] INFO  o.s.w.s.m.m.a.RequestMappingHandlerMapping - Mapped "{[/blog/test]}" onto public java.util.Map<java.lang.String, java.lang.Object> com.jeffy.demo.controller.BlogController.test(javax.servlet.http.HttpServletRequest)
[2018-12-12 22:45:07.424] [main] INFO  o.s.w.s.m.m.a.RequestMappingHandlerMapping - Mapped "{[/blog/articalList]}" onto public java.util.Map<java.lang.String, java.lang.Object> com.jeffy.demo.controller.BlogController.articalList(javax.servlet.http.HttpServletRequest)
[2018-12-12 22:45:07.425] [main] INFO  o.s.w.s.m.m.a.RequestMappingHandlerMapping - Mapped "{[/blog/home]}" onto public org.springframework.web.servlet.ModelAndView com.jeffy.demo.controller.BlogController.homeView()
[2018-12-12 22:45:07.425] [main] INFO  o.s.w.s.m.m.a.RequestMappingHandlerMapping - Mapped "{[/blog/artical]}" onto public com.jeffy.demo.eneity.Artical com.jeffy.demo.controller.BlogController.artical(javax.servlet.http.HttpServletRequest)
[2018-12-12 22:45:07.427] [main] INFO  o.s.w.s.m.m.a.RequestMappingHandlerMapping - Mapped "{[/login/login]}" onto public org.springframework.web.servlet.ModelAndView com.jeffy.demo.controller.LoginController.loginView(javax.servlet.http.HttpSession)
[2018-12-12 22:45:07.427] [main] INFO  o.s.w.s.m.m.a.RequestMappingHandlerMapping - Mapped "{[/login/register]}" onto public org.springframework.web.servlet.ModelAndView com.jeffy.demo.controller.LoginController.registerView()
[2018-12-12 22:45:07.427] [main] INFO  o.s.w.s.m.m.a.RequestMappingHandlerMapping - Mapped "{[/index]}" onto public org.springframework.web.servlet.ModelAndView com.jeffy.demo.controller.LoginController.indexView()
[2018-12-12 22:45:07.427] [main] INFO  o.s.w.s.m.m.a.RequestMappingHandlerMapping - Mapped "{[/login/registerIn]}" onto public java.lang.String com.jeffy.demo.controller.LoginController.registerIn(javax.servlet.http.HttpServletRequest)
[2018-12-12 22:45:07.428] [main] INFO  o.s.w.s.m.m.a.RequestMappingHandlerMapping - Mapped "{[/login/loginIn]}" onto public java.lang.String com.jeffy.demo.controller.LoginController.loginIn(javax.servlet.http.HttpServletRequest,javax.servlet.http.HttpSession)
[2018-12-12 22:45:07.428] [main] INFO  o.s.w.s.m.m.a.RequestMappingHandlerMapping - Mapped "{[/login/loginOut]}" onto public org.springframework.web.servlet.ModelAndView com.jeffy.demo.controller.LoginController.loginOut(javax.servlet.http.HttpSession)
[2018-12-12 22:45:07.432] [main] INFO  o.s.w.s.m.m.a.RequestMappingHandlerMapping - Mapped "{[/error]}" onto public org.springframework.http.ResponseEntity<java.util.Map<java.lang.String, java.lang.Object>> org.springframework.boot.autoconfigure.web.servlet.error.BasicErrorController.error(javax.servlet.http.HttpServletRequest)
[2018-12-12 22:45:07.433] [main] INFO  o.s.w.s.m.m.a.RequestMappingHandlerMapping - Mapped "{[/error],produces=[text/html]}" onto public org.springframework.web.servlet.ModelAndView org.springframework.boot.autoconfigure.web.servlet.error.BasicErrorController.errorHtml(javax.servlet.http.HttpServletRequest,javax.servlet.http.HttpServletResponse)
[2018-12-12 22:45:07.460] [main] INFO  o.s.w.s.h.SimpleUrlHandlerMapping - Mapped URL path [/webjars/**] onto handler of type [class org.springframework.web.servlet.resource.ResourceHttpRequestHandler]
[2018-12-12 22:45:07.460] [main] INFO  o.s.w.s.h.SimpleUrlHandlerMapping - Mapped URL path [/static/**] onto handler of type [class org.springframework.web.servlet.resource.ResourceHttpRequestHandler]
[2018-12-12 22:45:07.507] [main] INFO  o.s.b.a.w.s.WelcomePageHandlerMapping - Adding welcome page template: index
[2018-12-12 22:45:07.721] [main] INFO  o.s.j.e.a.AnnotationMBeanExporter - Registering beans for JMX exposure on startup
[2018-12-12 22:45:07.723] [main] INFO  o.s.j.e.a.AnnotationMBeanExporter - Bean with name 'dataSource' has been autodetected for JMX exposure
[2018-12-12 22:45:07.729] [main] INFO  o.s.j.e.a.AnnotationMBeanExporter - Located MBean 'dataSource': registering with JMX server as MBean [com.alibaba.druid.pool:name=dataSource,type=DruidDataSource]
[2018-12-12 22:45:07.742] [main] INFO  o.a.coyote.http11.Http11NioProtocol - Starting ProtocolHandler ["http-nio-8080"]
[2018-12-12 22:45:07.751] [main] INFO  o.a.tomcat.util.net.NioSelectorPool - Using a shared selector for servlet write/read
[2018-12-12 22:45:07.771] [main] INFO  o.s.b.w.e.tomcat.TomcatWebServer - Tomcat started on port(s): 8080 (http) with context path ''
[2018-12-12 22:45:07.775] [main] INFO  com.jeffy.demo.DemoApplication - Started DemoApplication in 4.254 seconds (JVM running for 5.521)
[2018-12-12 22:46:47.976] [http-nio-8080-exec-1] INFO  o.a.c.c.C.[Tomcat].[localhost].[/] - Initializing Spring FrameworkServlet 'dispatcherServlet'
[2018-12-12 22:46:47.977] [http-nio-8080-exec-1] INFO  o.s.web.servlet.DispatcherServlet - FrameworkServlet 'dispatcherServlet': initialization started
[2018-12-12 22:46:47.995] [http-nio-8080-exec-1] INFO  o.s.web.servlet.DispatcherServlet - FrameworkServlet 'dispatcherServlet': initialization completed in 18 ms
[2018-12-12 22:46:48.087] [http-nio-8080-exec-1] INFO  c.a.druid.pool.DruidDataSource - {dataSource-1} inited
