[2018-12-04 22:01:39.043] [main] INFO  com.jeffy.demo.DemoApplication - Starting DemoApplication on SLAHHVIMMGIW3DX with PID 4240 (D:\Jeffy\workplace\demo\target\classes started by Administrator in D:\Jeffy\workplace\demo)
[2018-12-04 22:01:39.049] [main] INFO  com.jeffy.demo.DemoApplication - No active profile set, falling back to default profiles: default
[2018-12-04 22:01:39.128] [main] INFO  o.s.b.w.s.c.AnnotationConfigServletWebServerApplicationContext - Refreshing org.springframework.boot.web.servlet.context.AnnotationConfigServletWebServerApplicationContext@815b41f: startup date [Tue Dec 04 22:01:39 CST 2018]; root of context hierarchy
[2018-12-04 22:01:41.321] [main] INFO  o.s.b.w.e.tomcat.TomcatWebServer - Tomcat initialized with port(s): 8080 (http)
[2018-12-04 22:01:41.339] [main] INFO  o.a.coyote.http11.Http11NioProtocol - Initializing ProtocolHandler ["http-nio-8080"]
[2018-12-04 22:01:41.351] [main] INFO  o.a.catalina.core.StandardService - Starting service [Tomcat]
[2018-12-04 22:01:41.351] [main] INFO  o.a.catalina.core.StandardEngine - Starting Servlet Engine: Apache Tomcat/8.5.34
[2018-12-04 22:01:41.357] [localhost-startStop-1] INFO  o.a.c.core.AprLifecycleListener - The APR based Apache Tomcat Native library which allows optimal performance in production environments was not found on the java.library.path: [D:\software\Java\jdk1.8\bin;C:\Windows\Sun\Java\bin;C:\Windows\system32;C:\Windows;C:\Program Files (x86)\Common Files\Oracle\Java\javapath;C:\Windows\system32;C:\Windows;C:\Windows\System32\Wbem;C:\Windows\System32\WindowsPowerShell\v1.0\;D:\software\Java\jdk1.8\bin;D:\software\Java\jdk1.8\jre\bin;D:\software\Python\Scripts\;D:\software\Python\;D:\software\PyCharmCommunityEdition\bin;;.]
[2018-12-04 22:01:41.602] [localhost-startStop-1] INFO  o.apache.jasper.servlet.TldScanner - At least one JAR was scanned for TLDs yet contained no TLDs. Enable debug logging for this logger for a complete list of JARs that were scanned but no TLDs were found in them. Skipping unneeded JARs during scanning can improve startup time and JSP compilation time.
[2018-12-04 22:01:41.609] [localhost-startStop-1] INFO  o.a.c.c.C.[Tomcat].[localhost].[/] - Initializing Spring embedded WebApplicationContext
[2018-12-04 22:01:41.610] [localhost-startStop-1] INFO  o.s.web.context.ContextLoader - Root WebApplicationContext: initialization completed in 2482 ms
[2018-12-04 22:01:41.681] [localhost-startStop-1] INFO  o.s.b.w.s.ServletRegistrationBean - Servlet dispatcherServlet mapped to [/]
[2018-12-04 22:01:41.685] [localhost-startStop-1] INFO  o.s.b.w.s.FilterRegistrationBean - Mapping filter: 'characterEncodingFilter' to: [/*]
[2018-12-04 22:01:41.686] [localhost-startStop-1] INFO  o.s.b.w.s.FilterRegistrationBean - Mapping filter: 'hiddenHttpMethodFilter' to: [/*]
[2018-12-04 22:01:41.686] [localhost-startStop-1] INFO  o.s.b.w.s.FilterRegistrationBean - Mapping filter: 'httpPutFormContentFilter' to: [/*]
[2018-12-04 22:01:41.686] [localhost-startStop-1] INFO  o.s.b.w.s.FilterRegistrationBean - Mapping filter: 'requestContextFilter' to: [/*]
[2018-12-04 22:01:42.273] [main] INFO  o.s.w.s.h.SimpleUrlHandlerMapping - Mapped URL path [/**/favicon.ico] onto handler of type [class org.springframework.web.servlet.resource.ResourceHttpRequestHandler]
[2018-12-04 22:01:42.460] [main] INFO  o.s.w.s.m.m.a.RequestMappingHandlerAdapter - Looking for @ControllerAdvice: org.springframework.boot.web.servlet.context.AnnotationConfigServletWebServerApplicationContext@815b41f: startup date [Tue Dec 04 22:01:39 CST 2018]; root of context hierarchy
[2018-12-04 22:01:42.514] [main] INFO  o.s.w.s.m.m.a.RequestMappingHandlerMapping - Mapped "{[/blog/save]}" onto public java.lang.String com.jeffy.demo.controller.BlogController.save(javax.servlet.http.HttpServletRequest)
[2018-12-04 22:01:42.515] [main] INFO  o.s.w.s.m.m.a.RequestMappingHandlerMapping - Mapped "{[/blog/test]}" onto public java.util.Map<java.lang.String, java.lang.Object> com.jeffy.demo.controller.BlogController.test(javax.servlet.http.HttpServletRequest)
[2018-12-04 22:01:42.516] [main] INFO  o.s.w.s.m.m.a.RequestMappingHandlerMapping - Mapped "{[/blog/home]}" onto public org.springframework.web.servlet.ModelAndView com.jeffy.demo.controller.BlogController.homeView()
[2018-12-04 22:01:42.516] [main] INFO  o.s.w.s.m.m.a.RequestMappingHandlerMapping - Mapped "{[/blog/articalList]}" onto public java.util.Map<java.lang.String, java.lang.Object> com.jeffy.demo.controller.BlogController.articalList(javax.servlet.http.HttpServletRequest)
[2018-12-04 22:01:42.517] [main] INFO  o.s.w.s.m.m.a.RequestMappingHandlerMapping - Mapped "{[/login/login]}" onto public org.springframework.web.servlet.ModelAndView com.jeffy.demo.controller.LoginController.loginView(javax.servlet.http.HttpSession)
[2018-12-04 22:01:42.518] [main] INFO  o.s.w.s.m.m.a.RequestMappingHandlerMapping - Mapped "{[/login/register]}" onto public org.springframework.web.servlet.ModelAndView com.jeffy.demo.controller.LoginController.registerView()
[2018-12-04 22:01:42.518] [main] INFO  o.s.w.s.m.m.a.RequestMappingHandlerMapping - Mapped "{[/index]}" onto public org.springframework.web.servlet.ModelAndView com.jeffy.demo.controller.LoginController.indexView()
[2018-12-04 22:01:42.519] [main] INFO  o.s.w.s.m.m.a.RequestMappingHandlerMapping - Mapped "{[/login/registerIn]}" onto public java.lang.String com.jeffy.demo.controller.LoginController.registerIn(javax.servlet.http.HttpServletRequest)
[2018-12-04 22:01:42.519] [main] INFO  o.s.w.s.m.m.a.RequestMappingHandlerMapping - Mapped "{[/login/loginIn]}" onto public java.lang.String com.jeffy.demo.controller.LoginController.loginIn(javax.servlet.http.HttpServletRequest,javax.servlet.http.HttpSession)
[2018-12-04 22:01:42.519] [main] INFO  o.s.w.s.m.m.a.RequestMappingHandlerMapping - Mapped "{[/login/loginOut]}" onto public org.springframework.web.servlet.ModelAndView com.jeffy.demo.controller.LoginController.loginOut(javax.servlet.http.HttpSession)
[2018-12-04 22:01:42.523] [main] INFO  o.s.w.s.m.m.a.RequestMappingHandlerMapping - Mapped "{[/error]}" onto public org.springframework.http.ResponseEntity<java.util.Map<java.lang.String, java.lang.Object>> org.springframework.boot.autoconfigure.web.servlet.error.BasicErrorController.error(javax.servlet.http.HttpServletRequest)
[2018-12-04 22:01:42.523] [main] INFO  o.s.w.s.m.m.a.RequestMappingHandlerMapping - Mapped "{[/error],produces=[text/html]}" onto public org.springframework.web.servlet.ModelAndView org.springframework.boot.autoconfigure.web.servlet.error.BasicErrorController.errorHtml(javax.servlet.http.HttpServletRequest,javax.servlet.http.HttpServletResponse)
[2018-12-04 22:01:42.548] [main] INFO  o.s.w.s.h.SimpleUrlHandlerMapping - Mapped URL path [/webjars/**] onto handler of type [class org.springframework.web.servlet.resource.ResourceHttpRequestHandler]
[2018-12-04 22:01:42.548] [main] INFO  o.s.w.s.h.SimpleUrlHandlerMapping - Mapped URL path [/static/**] onto handler of type [class org.springframework.web.servlet.resource.ResourceHttpRequestHandler]
[2018-12-04 22:01:42.595] [main] INFO  o.s.b.a.w.s.WelcomePageHandlerMapping - Adding welcome page template: index
[2018-12-04 22:01:42.823] [main] INFO  o.s.j.e.a.AnnotationMBeanExporter - Registering beans for JMX exposure on startup
[2018-12-04 22:01:42.825] [main] INFO  o.s.j.e.a.AnnotationMBeanExporter - Bean with name 'dataSource' has been autodetected for JMX exposure
[2018-12-04 22:01:42.831] [main] INFO  o.s.j.e.a.AnnotationMBeanExporter - Located MBean 'dataSource': registering with JMX server as MBean [com.alibaba.druid.pool:name=dataSource,type=DruidDataSource]
[2018-12-04 22:01:42.846] [main] INFO  o.a.coyote.http11.Http11NioProtocol - Starting ProtocolHandler ["http-nio-8080"]
[2018-12-04 22:01:42.856] [main] INFO  o.a.tomcat.util.net.NioSelectorPool - Using a shared selector for servlet write/read
[2018-12-04 22:01:42.876] [main] INFO  o.s.b.w.e.tomcat.TomcatWebServer - Tomcat started on port(s): 8080 (http) with context path ''
[2018-12-04 22:01:42.880] [main] INFO  com.jeffy.demo.DemoApplication - Started DemoApplication in 4.49 seconds (JVM running for 5.938)
[2018-12-04 22:13:43.837] [main] INFO  com.jeffy.demo.DemoApplication - Starting DemoApplication on SLAHHVIMMGIW3DX with PID 7696 (D:\Jeffy\workplace\demo\target\classes started by Administrator in D:\Jeffy\workplace\demo)
[2018-12-04 22:13:43.841] [main] INFO  com.jeffy.demo.DemoApplication - No active profile set, falling back to default profiles: default
[2018-12-04 22:13:43.897] [main] INFO  o.s.b.w.s.c.AnnotationConfigServletWebServerApplicationContext - Refreshing org.springframework.boot.web.servlet.context.AnnotationConfigServletWebServerApplicationContext@1573f9fc: startup date [Tue Dec 04 22:13:43 CST 2018]; root of context hierarchy
[2018-12-04 22:13:45.880] [main] INFO  o.s.b.w.e.tomcat.TomcatWebServer - Tomcat initialized with port(s): 8080 (http)
[2018-12-04 22:13:45.900] [main] INFO  o.a.coyote.http11.Http11NioProtocol - Initializing ProtocolHandler ["http-nio-8080"]
[2018-12-04 22:13:45.916] [main] INFO  o.a.catalina.core.StandardService - Starting service [Tomcat]
[2018-12-04 22:13:45.917] [main] INFO  o.a.catalina.core.StandardEngine - Starting Servlet Engine: Apache Tomcat/8.5.34
[2018-12-04 22:13:45.938] [localhost-startStop-1] INFO  o.a.c.core.AprLifecycleListener - The APR based Apache Tomcat Native library which allows optimal performance in production environments was not found on the java.library.path: [D:\software\Java\jdk1.8\bin;C:\Windows\Sun\Java\bin;C:\Windows\system32;C:\Windows;C:\Program Files (x86)\Common Files\Oracle\Java\javapath;C:\Windows\system32;C:\Windows;C:\Windows\System32\Wbem;C:\Windows\System32\WindowsPowerShell\v1.0\;D:\software\Java\jdk1.8\bin;D:\software\Java\jdk1.8\jre\bin;D:\software\Python\Scripts\;D:\software\Python\;D:\software\PyCharmCommunityEdition\bin;;.]
[2018-12-04 22:13:46.434] [localhost-startStop-1] INFO  o.apache.jasper.servlet.TldScanner - At least one JAR was scanned for TLDs yet contained no TLDs. Enable debug logging for this logger for a complete list of JARs that were scanned but no TLDs were found in them. Skipping unneeded JARs during scanning can improve startup time and JSP compilation time.
[2018-12-04 22:13:46.442] [localhost-startStop-1] INFO  o.a.c.c.C.[Tomcat].[localhost].[/] - Initializing Spring embedded WebApplicationContext
[2018-12-04 22:13:46.444] [localhost-startStop-1] INFO  o.s.web.context.ContextLoader - Root WebApplicationContext: initialization completed in 2547 ms
[2018-12-04 22:13:46.544] [localhost-startStop-1] INFO  o.s.b.w.s.ServletRegistrationBean - Servlet dispatcherServlet mapped to [/]
[2018-12-04 22:13:46.550] [localhost-startStop-1] INFO  o.s.b.w.s.FilterRegistrationBean - Mapping filter: 'characterEncodingFilter' to: [/*]
[2018-12-04 22:13:46.551] [localhost-startStop-1] INFO  o.s.b.w.s.FilterRegistrationBean - Mapping filter: 'hiddenHttpMethodFilter' to: [/*]
[2018-12-04 22:13:46.551] [localhost-startStop-1] INFO  o.s.b.w.s.FilterRegistrationBean - Mapping filter: 'httpPutFormContentFilter' to: [/*]
[2018-12-04 22:13:46.552] [localhost-startStop-1] INFO  o.s.b.w.s.FilterRegistrationBean - Mapping filter: 'requestContextFilter' to: [/*]
[2018-12-04 22:13:47.638] [main] INFO  o.s.w.s.h.SimpleUrlHandlerMapping - Mapped URL path [/**/favicon.ico] onto handler of type [class org.springframework.web.servlet.resource.ResourceHttpRequestHandler]
[2018-12-04 22:13:47.947] [main] INFO  o.s.w.s.m.m.a.RequestMappingHandlerAdapter - Looking for @ControllerAdvice: org.springframework.boot.web.servlet.context.AnnotationConfigServletWebServerApplicationContext@1573f9fc: startup date [Tue Dec 04 22:13:43 CST 2018]; root of context hierarchy
[2018-12-04 22:13:48.037] [main] INFO  o.s.w.s.m.m.a.RequestMappingHandlerMapping - Mapped "{[/blog/save]}" onto public java.lang.String com.jeffy.demo.controller.BlogController.save(javax.servlet.http.HttpServletRequest)
[2018-12-04 22:13:48.040] [main] INFO  o.s.w.s.m.m.a.RequestMappingHandlerMapping - Mapped "{[/blog/test]}" onto public java.util.Map<java.lang.String, java.lang.Object> com.jeffy.demo.controller.BlogController.test(javax.servlet.http.HttpServletRequest)
[2018-12-04 22:13:48.043] [main] INFO  o.s.w.s.m.m.a.RequestMappingHandlerMapping - Mapped "{[/blog/articalList]}" onto public java.util.Map<java.lang.String, java.lang.Object> com.jeffy.demo.controller.BlogController.articalList(javax.servlet.http.HttpServletRequest)
[2018-12-04 22:13:48.043] [main] INFO  o.s.w.s.m.m.a.RequestMappingHandlerMapping - Mapped "{[/blog/home]}" onto public org.springframework.web.servlet.ModelAndView com.jeffy.demo.controller.BlogController.homeView()
[2018-12-04 22:13:48.045] [main] INFO  o.s.w.s.m.m.a.RequestMappingHandlerMapping - Mapped "{[/login/login]}" onto public org.springframework.web.servlet.ModelAndView com.jeffy.demo.controller.LoginController.loginView(javax.servlet.http.HttpSession)
[2018-12-04 22:13:48.045] [main] INFO  o.s.w.s.m.m.a.RequestMappingHandlerMapping - Mapped "{[/login/register]}" onto public org.springframework.web.servlet.ModelAndView com.jeffy.demo.controller.LoginController.registerView()
[2018-12-04 22:13:48.046] [main] INFO  o.s.w.s.m.m.a.RequestMappingHandlerMapping - Mapped "{[/index]}" onto public org.springframework.web.servlet.ModelAndView com.jeffy.demo.controller.LoginController.indexView()
[2018-12-04 22:13:48.046] [main] INFO  o.s.w.s.m.m.a.RequestMappingHandlerMapping - Mapped "{[/login/registerIn]}" onto public java.lang.String com.jeffy.demo.controller.LoginController.registerIn(javax.servlet.http.HttpServletRequest)
[2018-12-04 22:13:48.047] [main] INFO  o.s.w.s.m.m.a.RequestMappingHandlerMapping - Mapped "{[/login/loginIn]}" onto public java.lang.String com.jeffy.demo.controller.LoginController.loginIn(javax.servlet.http.HttpServletRequest,javax.servlet.http.HttpSession)
[2018-12-04 22:13:48.047] [main] INFO  o.s.w.s.m.m.a.RequestMappingHandlerMapping - Mapped "{[/login/loginOut]}" onto public org.springframework.web.servlet.ModelAndView com.jeffy.demo.controller.LoginController.loginOut(javax.servlet.http.HttpSession)
[2018-12-04 22:13:48.051] [main] INFO  o.s.w.s.m.m.a.RequestMappingHandlerMapping - Mapped "{[/error]}" onto public org.springframework.http.ResponseEntity<java.util.Map<java.lang.String, java.lang.Object>> org.springframework.boot.autoconfigure.web.servlet.error.BasicErrorController.error(javax.servlet.http.HttpServletRequest)
[2018-12-04 22:13:48.052] [main] INFO  o.s.w.s.m.m.a.RequestMappingHandlerMapping - Mapped "{[/error],produces=[text/html]}" onto public org.springframework.web.servlet.ModelAndView org.springframework.boot.autoconfigure.web.servlet.error.BasicErrorController.errorHtml(javax.servlet.http.HttpServletRequest,javax.servlet.http.HttpServletResponse)
[2018-12-04 22:13:48.097] [main] INFO  o.s.w.s.h.SimpleUrlHandlerMapping - Mapped URL path [/webjars/**] onto handler of type [class org.springframework.web.servlet.resource.ResourceHttpRequestHandler]
[2018-12-04 22:13:48.097] [main] INFO  o.s.w.s.h.SimpleUrlHandlerMapping - Mapped URL path [/static/**] onto handler of type [class org.springframework.web.servlet.resource.ResourceHttpRequestHandler]
[2018-12-04 22:13:48.163] [main] INFO  o.s.b.a.w.s.WelcomePageHandlerMapping - Adding welcome page template: index
[2018-12-04 22:13:48.468] [main] INFO  o.s.j.e.a.AnnotationMBeanExporter - Registering beans for JMX exposure on startup
[2018-12-04 22:13:48.469] [main] INFO  o.s.j.e.a.AnnotationMBeanExporter - Bean with name 'dataSource' has been autodetected for JMX exposure
[2018-12-04 22:13:48.475] [main] INFO  o.s.j.e.a.AnnotationMBeanExporter - Located MBean 'dataSource': registering with JMX server as MBean [com.alibaba.druid.pool:name=dataSource,type=DruidDataSource]
[2018-12-04 22:13:48.488] [main] INFO  o.a.coyote.http11.Http11NioProtocol - Starting ProtocolHandler ["http-nio-8080"]
[2018-12-04 22:13:48.498] [main] INFO  o.a.tomcat.util.net.NioSelectorPool - Using a shared selector for servlet write/read
[2018-12-04 22:13:48.517] [main] INFO  o.s.b.w.e.tomcat.TomcatWebServer - Tomcat started on port(s): 8080 (http) with context path ''
[2018-12-04 22:13:48.521] [main] INFO  com.jeffy.demo.DemoApplication - Started DemoApplication in 5.061 seconds (JVM running for 7.962)
[2018-12-04 22:13:54.028] [http-nio-8080-exec-1] INFO  o.a.c.c.C.[Tomcat].[localhost].[/] - Initializing Spring FrameworkServlet 'dispatcherServlet'
[2018-12-04 22:13:54.029] [http-nio-8080-exec-1] INFO  o.s.web.servlet.DispatcherServlet - FrameworkServlet 'dispatcherServlet': initialization started
[2018-12-04 22:13:54.047] [http-nio-8080-exec-1] INFO  o.s.web.servlet.DispatcherServlet - FrameworkServlet 'dispatcherServlet': initialization completed in 18 ms
[2018-12-04 22:13:55.816] [http-nio-8080-exec-3] INFO  c.a.druid.pool.DruidDataSource - {dataSource-1} inited
[2018-12-04 22:13:59.523] [http-nio-8080-exec-6] INFO  o.s.b.f.xml.XmlBeanDefinitionReader - Loading XML bean definitions from class path resource [org/springframework/jdbc/support/sql-error-codes.xml]
[2018-12-04 22:13:59.564] [http-nio-8080-exec-6] ERROR c.j.demo.controller.BlogController - org.springframework.dao.DataIntegrityViolationException: 
### Error updating database.  Cause: com.mysql.jdbc.exceptions.jdbc4.MySQLIntegrityConstraintViolationException: Column 'title' cannot be null
### The error may involve com.jeffy.demo.dao.ArticalDao.insertData-Inline
### The error occurred while setting parameters
### SQL: INSERT INTO artical(title,                               type_id,           author_id,           create_time,           update_time,           like_num,           hate_num,          status)         VALUES (?,                               ?,           ?,           ?,           ?,           ?,           ?,          ?)
### Cause: com.mysql.jdbc.exceptions.jdbc4.MySQLIntegrityConstraintViolationException: Column 'title' cannot be null
; ]; Column 'title' cannot be null; nested exception is com.mysql.jdbc.exceptions.jdbc4.MySQLIntegrityConstraintViolationException: Column 'title' cannot be null
[2018-12-04 22:28:21.963] [main] INFO  com.jeffy.demo.DemoApplication - Starting DemoApplication on SLAHHVIMMGIW3DX with PID 1908 (D:\Jeffy\workplace\demo\target\classes started by Administrator in D:\Jeffy\workplace\demo)
[2018-12-04 22:28:21.969] [main] INFO  com.jeffy.demo.DemoApplication - No active profile set, falling back to default profiles: default
[2018-12-04 22:28:22.041] [main] INFO  o.s.b.w.s.c.AnnotationConfigServletWebServerApplicationContext - Refreshing org.springframework.boot.web.servlet.context.AnnotationConfigServletWebServerApplicationContext@1573f9fc: startup date [Tue Dec 04 22:28:22 CST 2018]; root of context hierarchy
[2018-12-04 22:28:24.161] [main] INFO  o.s.b.w.e.tomcat.TomcatWebServer - Tomcat initialized with port(s): 8080 (http)
[2018-12-04 22:28:24.250] [main] INFO  o.a.coyote.http11.Http11NioProtocol - Initializing ProtocolHandler ["http-nio-8080"]
[2018-12-04 22:28:24.263] [main] INFO  o.a.catalina.core.StandardService - Starting service [Tomcat]
[2018-12-04 22:28:24.264] [main] INFO  o.a.catalina.core.StandardEngine - Starting Servlet Engine: Apache Tomcat/8.5.34
[2018-12-04 22:28:24.269] [localhost-startStop-1] INFO  o.a.c.core.AprLifecycleListener - The APR based Apache Tomcat Native library which allows optimal performance in production environments was not found on the java.library.path: [D:\software\Java\jdk1.8\bin;C:\Windows\Sun\Java\bin;C:\Windows\system32;C:\Windows;C:\Program Files (x86)\Common Files\Oracle\Java\javapath;C:\Windows\system32;C:\Windows;C:\Windows\System32\Wbem;C:\Windows\System32\WindowsPowerShell\v1.0\;D:\software\Java\jdk1.8\bin;D:\software\Java\jdk1.8\jre\bin;D:\software\Python\Scripts\;D:\software\Python\;D:\software\PyCharmCommunityEdition\bin;;.]
[2018-12-04 22:28:24.582] [localhost-startStop-1] INFO  o.apache.jasper.servlet.TldScanner - At least one JAR was scanned for TLDs yet contained no TLDs. Enable debug logging for this logger for a complete list of JARs that were scanned but no TLDs were found in them. Skipping unneeded JARs during scanning can improve startup time and JSP compilation time.
[2018-12-04 22:28:24.588] [localhost-startStop-1] INFO  o.a.c.c.C.[Tomcat].[localhost].[/] - Initializing Spring embedded WebApplicationContext
[2018-12-04 22:28:24.588] [localhost-startStop-1] INFO  o.s.web.context.ContextLoader - Root WebApplicationContext: initialization completed in 2547 ms
[2018-12-04 22:28:24.663] [localhost-startStop-1] INFO  o.s.b.w.s.ServletRegistrationBean - Servlet dispatcherServlet mapped to [/]
[2018-12-04 22:28:24.670] [localhost-startStop-1] INFO  o.s.b.w.s.FilterRegistrationBean - Mapping filter: 'characterEncodingFilter' to: [/*]
[2018-12-04 22:28:24.671] [localhost-startStop-1] INFO  o.s.b.w.s.FilterRegistrationBean - Mapping filter: 'hiddenHttpMethodFilter' to: [/*]
[2018-12-04 22:28:24.671] [localhost-startStop-1] INFO  o.s.b.w.s.FilterRegistrationBean - Mapping filter: 'httpPutFormContentFilter' to: [/*]
[2018-12-04 22:28:24.671] [localhost-startStop-1] INFO  o.s.b.w.s.FilterRegistrationBean - Mapping filter: 'requestContextFilter' to: [/*]
[2018-12-04 22:28:25.352] [main] INFO  o.s.w.s.h.SimpleUrlHandlerMapping - Mapped URL path [/**/favicon.ico] onto handler of type [class org.springframework.web.servlet.resource.ResourceHttpRequestHandler]
[2018-12-04 22:28:25.562] [main] INFO  o.s.w.s.m.m.a.RequestMappingHandlerAdapter - Looking for @ControllerAdvice: org.springframework.boot.web.servlet.context.AnnotationConfigServletWebServerApplicationContext@1573f9fc: startup date [Tue Dec 04 22:28:22 CST 2018]; root of context hierarchy
[2018-12-04 22:28:25.614] [main] INFO  o.s.w.s.m.m.a.RequestMappingHandlerMapping - Mapped "{[/blog/save]}" onto public java.lang.String com.jeffy.demo.controller.BlogController.save(javax.servlet.http.HttpServletRequest)
[2018-12-04 22:28:25.615] [main] INFO  o.s.w.s.m.m.a.RequestMappingHandlerMapping - Mapped "{[/blog/test]}" onto public java.util.Map<java.lang.String, java.lang.Object> com.jeffy.demo.controller.BlogController.test(javax.servlet.http.HttpServletRequest)
[2018-12-04 22:28:25.616] [main] INFO  o.s.w.s.m.m.a.RequestMappingHandlerMapping - Mapped "{[/blog/articalList]}" onto public java.util.Map<java.lang.String, java.lang.Object> com.jeffy.demo.controller.BlogController.articalList(javax.servlet.http.HttpServletRequest)
[2018-12-04 22:28:25.616] [main] INFO  o.s.w.s.m.m.a.RequestMappingHandlerMapping - Mapped "{[/blog/home]}" onto public org.springframework.web.servlet.ModelAndView com.jeffy.demo.controller.BlogController.homeView()
[2018-12-04 22:28:25.617] [main] INFO  o.s.w.s.m.m.a.RequestMappingHandlerMapping - Mapped "{[/login/login]}" onto public org.springframework.web.servlet.ModelAndView com.jeffy.demo.controller.LoginController.loginView(javax.servlet.http.HttpSession)
[2018-12-04 22:28:25.617] [main] INFO  o.s.w.s.m.m.a.RequestMappingHandlerMapping - Mapped "{[/login/register]}" onto public org.springframework.web.servlet.ModelAndView com.jeffy.demo.controller.LoginController.registerView()
[2018-12-04 22:28:25.618] [main] INFO  o.s.w.s.m.m.a.RequestMappingHandlerMapping - Mapped "{[/index]}" onto public org.springframework.web.servlet.ModelAndView com.jeffy.demo.controller.LoginController.indexView()
[2018-12-04 22:28:25.618] [main] INFO  o.s.w.s.m.m.a.RequestMappingHandlerMapping - Mapped "{[/login/registerIn]}" onto public java.lang.String com.jeffy.demo.controller.LoginController.registerIn(javax.servlet.http.HttpServletRequest)
[2018-12-04 22:28:25.619] [main] INFO  o.s.w.s.m.m.a.RequestMappingHandlerMapping - Mapped "{[/login/loginIn]}" onto public java.lang.String com.jeffy.demo.controller.LoginController.loginIn(javax.servlet.http.HttpServletRequest,javax.servlet.http.HttpSession)
[2018-12-04 22:28:25.619] [main] INFO  o.s.w.s.m.m.a.RequestMappingHandlerMapping - Mapped "{[/login/loginOut]}" onto public org.springframework.web.servlet.ModelAndView com.jeffy.demo.controller.LoginController.loginOut(javax.servlet.http.HttpSession)
[2018-12-04 22:28:25.622] [main] INFO  o.s.w.s.m.m.a.RequestMappingHandlerMapping - Mapped "{[/error]}" onto public org.springframework.http.ResponseEntity<java.util.Map<java.lang.String, java.lang.Object>> org.springframework.boot.autoconfigure.web.servlet.error.BasicErrorController.error(javax.servlet.http.HttpServletRequest)
[2018-12-04 22:28:25.623] [main] INFO  o.s.w.s.m.m.a.RequestMappingHandlerMapping - Mapped "{[/error],produces=[text/html]}" onto public org.springframework.web.servlet.ModelAndView org.springframework.boot.autoconfigure.web.servlet.error.BasicErrorController.errorHtml(javax.servlet.http.HttpServletRequest,javax.servlet.http.HttpServletResponse)
[2018-12-04 22:28:25.648] [main] INFO  o.s.w.s.h.SimpleUrlHandlerMapping - Mapped URL path [/webjars/**] onto handler of type [class org.springframework.web.servlet.resource.ResourceHttpRequestHandler]
[2018-12-04 22:28:25.648] [main] INFO  o.s.w.s.h.SimpleUrlHandlerMapping - Mapped URL path [/static/**] onto handler of type [class org.springframework.web.servlet.resource.ResourceHttpRequestHandler]
[2018-12-04 22:28:25.691] [main] INFO  o.s.b.a.w.s.WelcomePageHandlerMapping - Adding welcome page template: index
[2018-12-04 22:28:25.918] [main] INFO  o.s.j.e.a.AnnotationMBeanExporter - Registering beans for JMX exposure on startup
[2018-12-04 22:28:25.921] [main] INFO  o.s.j.e.a.AnnotationMBeanExporter - Bean with name 'dataSource' has been autodetected for JMX exposure
[2018-12-04 22:28:25.926] [main] INFO  o.s.j.e.a.AnnotationMBeanExporter - Located MBean 'dataSource': registering with JMX server as MBean [com.alibaba.druid.pool:name=dataSource,type=DruidDataSource]
[2018-12-04 22:28:25.940] [main] INFO  o.a.coyote.http11.Http11NioProtocol - Starting ProtocolHandler ["http-nio-8080"]
[2018-12-04 22:28:25.950] [main] INFO  o.a.tomcat.util.net.NioSelectorPool - Using a shared selector for servlet write/read
[2018-12-04 22:28:25.972] [main] INFO  o.s.b.w.e.tomcat.TomcatWebServer - Tomcat started on port(s): 8080 (http) with context path ''
[2018-12-04 22:28:25.977] [main] INFO  com.jeffy.demo.DemoApplication - Started DemoApplication in 4.462 seconds (JVM running for 5.688)
[2018-12-04 22:28:37.351] [http-nio-8080-exec-1] INFO  o.a.c.c.C.[Tomcat].[localhost].[/] - Initializing Spring FrameworkServlet 'dispatcherServlet'
[2018-12-04 22:28:37.352] [http-nio-8080-exec-1] INFO  o.s.web.servlet.DispatcherServlet - FrameworkServlet 'dispatcherServlet': initialization started
[2018-12-04 22:28:37.373] [http-nio-8080-exec-1] INFO  o.s.web.servlet.DispatcherServlet - FrameworkServlet 'dispatcherServlet': initialization completed in 21 ms
[2018-12-04 22:28:39.369] [http-nio-8080-exec-3] INFO  c.a.druid.pool.DruidDataSource - {dataSource-1} inited
