[2018-12-19 21:55:32.907] [main] INFO  com.jeffy.demo.DemoApplication - Starting DemoApplication on SLAHHVIMMGIW3DX with PID 5952 (D:\Jeffy\workplace\demo\target\classes started by Administrator in D:\Jeffy\workplace\demo)
[2018-12-19 21:55:32.925] [main] INFO  com.jeffy.demo.DemoApplication - No active profile set, falling back to default profiles: default
[2018-12-19 21:55:33.068] [main] INFO  o.s.b.w.s.c.AnnotationConfigServletWebServerApplicationContext - Refreshing org.springframework.boot.web.servlet.context.AnnotationConfigServletWebServerApplicationContext@44c03695: startup date [Wed Dec 19 21:55:33 CST 2018]; root of context hierarchy
[2018-12-19 21:55:34.758] [main] INFO  o.s.b.w.e.tomcat.TomcatWebServer - Tomcat initialized with port(s): 8080 (http)
[2018-12-19 21:55:34.780] [main] INFO  o.a.coyote.http11.Http11NioProtocol - Initializing ProtocolHandler ["http-nio-8080"]
[2018-12-19 21:55:34.812] [main] INFO  o.a.catalina.core.StandardService - Starting service [Tomcat]
[2018-12-19 21:55:34.813] [main] INFO  o.a.catalina.core.StandardEngine - Starting Servlet Engine: Apache Tomcat/8.5.34
[2018-12-19 21:55:34.817] [localhost-startStop-1] INFO  o.a.c.core.AprLifecycleListener - The APR based Apache Tomcat Native library which allows optimal performance in production environments was not found on the java.library.path: [D:\software\Java\jdk1.8\bin;C:\Windows\Sun\Java\bin;C:\Windows\system32;C:\Windows;C:\Program Files (x86)\Common Files\Oracle\Java\javapath;C:\Windows\system32;C:\Windows;C:\Windows\System32\Wbem;C:\Windows\System32\WindowsPowerShell\v1.0\;D:\software\Java\jdk1.8\bin;D:\software\Java\jdk1.8\jre\bin;D:\software\Python\Scripts\;D:\software\Python\;D:\software\PyCharmCommunityEdition\bin;;.]
[2018-12-19 21:55:35.149] [localhost-startStop-1] INFO  o.apache.jasper.servlet.TldScanner - At least one JAR was scanned for TLDs yet contained no TLDs. Enable debug logging for this logger for a complete list of JARs that were scanned but no TLDs were found in them. Skipping unneeded JARs during scanning can improve startup time and JSP compilation time.
[2018-12-19 21:55:35.154] [localhost-startStop-1] INFO  o.a.c.c.C.[Tomcat].[localhost].[/] - Initializing Spring embedded WebApplicationContext
[2018-12-19 21:55:35.155] [localhost-startStop-1] INFO  o.s.web.context.ContextLoader - Root WebApplicationContext: initialization completed in 2087 ms
[2018-12-19 21:55:35.255] [localhost-startStop-1] INFO  o.s.b.w.s.ServletRegistrationBean - Servlet dispatcherServlet mapped to [/]
[2018-12-19 21:55:35.260] [localhost-startStop-1] INFO  o.s.b.w.s.FilterRegistrationBean - Mapping filter: 'characterEncodingFilter' to: [/*]
[2018-12-19 21:55:35.261] [localhost-startStop-1] INFO  o.s.b.w.s.FilterRegistrationBean - Mapping filter: 'hiddenHttpMethodFilter' to: [/*]
[2018-12-19 21:55:35.262] [localhost-startStop-1] INFO  o.s.b.w.s.FilterRegistrationBean - Mapping filter: 'httpPutFormContentFilter' to: [/*]
[2018-12-19 21:55:35.262] [localhost-startStop-1] INFO  o.s.b.w.s.FilterRegistrationBean - Mapping filter: 'requestContextFilter' to: [/*]
[2018-12-19 21:55:36.141] [main] INFO  o.s.w.s.h.SimpleUrlHandlerMapping - Mapped URL path [/**/favicon.ico] onto handler of type [class org.springframework.web.servlet.resource.ResourceHttpRequestHandler]
[2018-12-19 21:55:36.341] [main] INFO  o.s.w.s.m.m.a.RequestMappingHandlerAdapter - Looking for @ControllerAdvice: org.springframework.boot.web.servlet.context.AnnotationConfigServletWebServerApplicationContext@44c03695: startup date [Wed Dec 19 21:55:33 CST 2018]; root of context hierarchy
[2018-12-19 21:55:36.400] [main] INFO  o.s.w.s.m.m.a.RequestMappingHandlerMapping - Mapped "{[/blog/update],methods=[POST]}" onto public java.lang.String com.jeffy.demo.controller.BlogController.update(javax.servlet.http.HttpServletRequest,javax.servlet.http.HttpSession)
[2018-12-19 21:55:36.402] [main] INFO  o.s.w.s.m.m.a.RequestMappingHandlerMapping - Mapped "{[/blog/delete],methods=[POST]}" onto public java.util.Map<java.lang.String, java.lang.Object> com.jeffy.demo.controller.BlogController.delete(javax.servlet.http.HttpServletRequest,javax.servlet.http.HttpSession)
[2018-12-19 21:55:36.403] [main] INFO  o.s.w.s.m.m.a.RequestMappingHandlerMapping - Mapped "{[/blog/save],methods=[POST]}" onto public java.lang.String com.jeffy.demo.controller.BlogController.save(javax.servlet.http.HttpServletRequest,javax.servlet.http.HttpSession)
[2018-12-19 21:55:36.403] [main] INFO  o.s.w.s.m.m.a.RequestMappingHandlerMapping - Mapped "{[/blog/test]}" onto public java.util.Map<java.lang.String, java.lang.Object> com.jeffy.demo.controller.BlogController.test(javax.servlet.http.HttpServletRequest)
[2018-12-19 21:55:36.403] [main] INFO  o.s.w.s.m.m.a.RequestMappingHandlerMapping - Mapped "{[/blog/artical]}" onto public com.jeffy.demo.eneity.Artical com.jeffy.demo.controller.BlogController.artical(javax.servlet.http.HttpServletRequest)
[2018-12-19 21:55:36.404] [main] INFO  o.s.w.s.m.m.a.RequestMappingHandlerMapping - Mapped "{[/blog/checkAuthority],methods=[POST]}" onto public java.lang.String com.jeffy.demo.controller.BlogController.checkAuthority(javax.servlet.http.HttpServletRequest,javax.servlet.http.HttpSession)
[2018-12-19 21:55:36.405] [main] INFO  o.s.w.s.m.m.a.RequestMappingHandlerMapping - Mapped "{[/blog/home]}" onto public org.springframework.web.servlet.ModelAndView com.jeffy.demo.controller.BlogController.homeView()
[2018-12-19 21:55:36.405] [main] INFO  o.s.w.s.m.m.a.RequestMappingHandlerMapping - Mapped "{[/blog/articalList]}" onto public java.util.Map<java.lang.String, java.lang.Object> com.jeffy.demo.controller.BlogController.articalList(javax.servlet.http.HttpServletRequest)
[2018-12-19 21:55:36.407] [main] INFO  o.s.w.s.m.m.a.RequestMappingHandlerMapping - Mapped "{[/login/login]}" onto public org.springframework.web.servlet.ModelAndView com.jeffy.demo.controller.LoginController.loginView(javax.servlet.http.HttpSession)
[2018-12-19 21:55:36.407] [main] INFO  o.s.w.s.m.m.a.RequestMappingHandlerMapping - Mapped "{[/login/register]}" onto public org.springframework.web.servlet.ModelAndView com.jeffy.demo.controller.LoginController.registerView()
[2018-12-19 21:55:36.408] [main] INFO  o.s.w.s.m.m.a.RequestMappingHandlerMapping - Mapped "{[/index]}" onto public org.springframework.web.servlet.ModelAndView com.jeffy.demo.controller.LoginController.indexView()
[2018-12-19 21:55:36.408] [main] INFO  o.s.w.s.m.m.a.RequestMappingHandlerMapping - Mapped "{[/login/registerIn]}" onto public java.lang.String com.jeffy.demo.controller.LoginController.registerIn(javax.servlet.http.HttpServletRequest)
[2018-12-19 21:55:36.408] [main] INFO  o.s.w.s.m.m.a.RequestMappingHandlerMapping - Mapped "{[/login/loginIn]}" onto public java.lang.String com.jeffy.demo.controller.LoginController.loginIn(javax.servlet.http.HttpServletRequest,javax.servlet.http.HttpSession)
[2018-12-19 21:55:36.409] [main] INFO  o.s.w.s.m.m.a.RequestMappingHandlerMapping - Mapped "{[/login/loginOut]}" onto public org.springframework.web.servlet.ModelAndView com.jeffy.demo.controller.LoginController.loginOut(javax.servlet.http.HttpSession)
[2018-12-19 21:55:36.413] [main] INFO  o.s.w.s.m.m.a.RequestMappingHandlerMapping - Mapped "{[/error]}" onto public org.springframework.http.ResponseEntity<java.util.Map<java.lang.String, java.lang.Object>> org.springframework.boot.autoconfigure.web.servlet.error.BasicErrorController.error(javax.servlet.http.HttpServletRequest)
[2018-12-19 21:55:36.415] [main] INFO  o.s.w.s.m.m.a.RequestMappingHandlerMapping - Mapped "{[/error],produces=[text/html]}" onto public org.springframework.web.servlet.ModelAndView org.springframework.boot.autoconfigure.web.servlet.error.BasicErrorController.errorHtml(javax.servlet.http.HttpServletRequest,javax.servlet.http.HttpServletResponse)
[2018-12-19 21:55:36.442] [main] INFO  o.s.w.s.h.SimpleUrlHandlerMapping - Mapped URL path [/webjars/**] onto handler of type [class org.springframework.web.servlet.resource.ResourceHttpRequestHandler]
[2018-12-19 21:55:36.442] [main] INFO  o.s.w.s.h.SimpleUrlHandlerMapping - Mapped URL path [/static/**] onto handler of type [class org.springframework.web.servlet.resource.ResourceHttpRequestHandler]
[2018-12-19 21:55:36.486] [main] INFO  o.s.b.a.w.s.WelcomePageHandlerMapping - Adding welcome page template: index
[2018-12-19 21:55:36.757] [main] INFO  o.s.j.e.a.AnnotationMBeanExporter - Registering beans for JMX exposure on startup
[2018-12-19 21:55:36.758] [main] INFO  o.s.j.e.a.AnnotationMBeanExporter - Bean with name 'dataSource' has been autodetected for JMX exposure
[2018-12-19 21:55:36.764] [main] INFO  o.s.j.e.a.AnnotationMBeanExporter - Located MBean 'dataSource': registering with JMX server as MBean [com.alibaba.druid.pool:name=dataSource,type=DruidDataSource]
[2018-12-19 21:55:36.797] [main] INFO  o.a.coyote.http11.Http11NioProtocol - Starting ProtocolHandler ["http-nio-8080"]
[2018-12-19 21:55:36.805] [main] INFO  o.a.tomcat.util.net.NioSelectorPool - Using a shared selector for servlet write/read
[2018-12-19 21:55:36.825] [main] INFO  o.s.b.w.e.tomcat.TomcatWebServer - Tomcat started on port(s): 8080 (http) with context path ''
[2018-12-19 21:55:36.829] [main] INFO  com.jeffy.demo.DemoApplication - Started DemoApplication in 4.373 seconds (JVM running for 8.091)
[2018-12-19 22:10:14.179] [http-nio-8080-exec-1] INFO  o.a.c.c.C.[Tomcat].[localhost].[/] - Initializing Spring FrameworkServlet 'dispatcherServlet'
[2018-12-19 22:10:14.179] [http-nio-8080-exec-1] INFO  o.s.web.servlet.DispatcherServlet - FrameworkServlet 'dispatcherServlet': initialization started
[2018-12-19 22:10:14.198] [http-nio-8080-exec-1] INFO  o.s.web.servlet.DispatcherServlet - FrameworkServlet 'dispatcherServlet': initialization completed in 19 ms
[2018-12-19 22:10:18.110] [http-nio-8080-exec-8] INFO  c.a.druid.pool.DruidDataSource - {dataSource-1} inited
[2018-12-19 22:59:15.586] [main] INFO  com.jeffy.demo.DemoApplication - Starting DemoApplication on SLAHHVIMMGIW3DX with PID 4896 (D:\Jeffy\workplace\demo\target\classes started by Administrator in D:\Jeffy\workplace\demo)
[2018-12-19 22:59:15.591] [main] INFO  com.jeffy.demo.DemoApplication - No active profile set, falling back to default profiles: default
[2018-12-19 22:59:15.651] [main] INFO  o.s.b.w.s.c.AnnotationConfigServletWebServerApplicationContext - Refreshing org.springframework.boot.web.servlet.context.AnnotationConfigServletWebServerApplicationContext@5aa9e4eb: startup date [Wed Dec 19 22:59:15 CST 2018]; root of context hierarchy
[2018-12-19 22:59:17.741] [main] INFO  o.s.b.w.e.tomcat.TomcatWebServer - Tomcat initialized with port(s): 8080 (http)
[2018-12-19 22:59:17.765] [main] INFO  o.a.coyote.http11.Http11NioProtocol - Initializing ProtocolHandler ["http-nio-8080"]
[2018-12-19 22:59:17.781] [main] INFO  o.a.catalina.core.StandardService - Starting service [Tomcat]
[2018-12-19 22:59:17.782] [main] INFO  o.a.catalina.core.StandardEngine - Starting Servlet Engine: Apache Tomcat/8.5.34
[2018-12-19 22:59:17.788] [localhost-startStop-1] INFO  o.a.c.core.AprLifecycleListener - The APR based Apache Tomcat Native library which allows optimal performance in production environments was not found on the java.library.path: [D:\software\Java\jdk1.8\bin;C:\Windows\Sun\Java\bin;C:\Windows\system32;C:\Windows;C:\Program Files (x86)\Common Files\Oracle\Java\javapath;C:\Windows\system32;C:\Windows;C:\Windows\System32\Wbem;C:\Windows\System32\WindowsPowerShell\v1.0\;D:\software\Java\jdk1.8\bin;D:\software\Java\jdk1.8\jre\bin;D:\software\Python\Scripts\;D:\software\Python\;D:\software\PyCharmCommunityEdition\bin;;.]
[2018-12-19 22:59:18.132] [localhost-startStop-1] INFO  o.apache.jasper.servlet.TldScanner - At least one JAR was scanned for TLDs yet contained no TLDs. Enable debug logging for this logger for a complete list of JARs that were scanned but no TLDs were found in them. Skipping unneeded JARs during scanning can improve startup time and JSP compilation time.
[2018-12-19 22:59:18.140] [localhost-startStop-1] INFO  o.a.c.c.C.[Tomcat].[localhost].[/] - Initializing Spring embedded WebApplicationContext
[2018-12-19 22:59:18.140] [localhost-startStop-1] INFO  o.s.web.context.ContextLoader - Root WebApplicationContext: initialization completed in 2489 ms
[2018-12-19 22:59:18.237] [localhost-startStop-1] INFO  o.s.b.w.s.ServletRegistrationBean - Servlet dispatcherServlet mapped to [/]
[2018-12-19 22:59:18.243] [localhost-startStop-1] INFO  o.s.b.w.s.FilterRegistrationBean - Mapping filter: 'characterEncodingFilter' to: [/*]
[2018-12-19 22:59:18.244] [localhost-startStop-1] INFO  o.s.b.w.s.FilterRegistrationBean - Mapping filter: 'hiddenHttpMethodFilter' to: [/*]
[2018-12-19 22:59:18.244] [localhost-startStop-1] INFO  o.s.b.w.s.FilterRegistrationBean - Mapping filter: 'httpPutFormContentFilter' to: [/*]
[2018-12-19 22:59:18.244] [localhost-startStop-1] INFO  o.s.b.w.s.FilterRegistrationBean - Mapping filter: 'requestContextFilter' to: [/*]
[2018-12-19 22:59:19.130] [main] INFO  o.s.w.s.h.SimpleUrlHandlerMapping - Mapped URL path [/**/favicon.ico] onto handler of type [class org.springframework.web.servlet.resource.ResourceHttpRequestHandler]
[2018-12-19 22:59:19.352] [main] INFO  o.s.w.s.m.m.a.RequestMappingHandlerAdapter - Looking for @ControllerAdvice: org.springframework.boot.web.servlet.context.AnnotationConfigServletWebServerApplicationContext@5aa9e4eb: startup date [Wed Dec 19 22:59:15 CST 2018]; root of context hierarchy
[2018-12-19 22:59:19.405] [main] INFO  o.s.w.s.m.m.a.RequestMappingHandlerMapping - Mapped "{[/blog/update],methods=[POST]}" onto public java.lang.String com.jeffy.demo.controller.BlogController.update(javax.servlet.http.HttpServletRequest,javax.servlet.http.HttpSession)
[2018-12-19 22:59:19.406] [main] INFO  o.s.w.s.m.m.a.RequestMappingHandlerMapping - Mapped "{[/blog/delete],methods=[POST]}" onto public java.util.Map<java.lang.String, java.lang.Object> com.jeffy.demo.controller.BlogController.delete(javax.servlet.http.HttpServletRequest,javax.servlet.http.HttpSession)
[2018-12-19 22:59:19.407] [main] INFO  o.s.w.s.m.m.a.RequestMappingHandlerMapping - Mapped "{[/blog/save],methods=[POST]}" onto public java.lang.String com.jeffy.demo.controller.BlogController.save(javax.servlet.http.HttpServletRequest,javax.servlet.http.HttpSession)
[2018-12-19 22:59:19.407] [main] INFO  o.s.w.s.m.m.a.RequestMappingHandlerMapping - Mapped "{[/blog/test]}" onto public java.util.Map<java.lang.String, java.lang.Object> com.jeffy.demo.controller.BlogController.test(javax.servlet.http.HttpServletRequest)
[2018-12-19 22:59:19.408] [main] INFO  o.s.w.s.m.m.a.RequestMappingHandlerMapping - Mapped "{[/blog/artical]}" onto public com.jeffy.demo.eneity.Artical com.jeffy.demo.controller.BlogController.artical(javax.servlet.http.HttpServletRequest)
[2018-12-19 22:59:19.408] [main] INFO  o.s.w.s.m.m.a.RequestMappingHandlerMapping - Mapped "{[/blog/checkAuthority],methods=[POST]}" onto public java.lang.String com.jeffy.demo.controller.BlogController.checkAuthority(javax.servlet.http.HttpServletRequest,javax.servlet.http.HttpSession)
[2018-12-19 22:59:19.408] [main] INFO  o.s.w.s.m.m.a.RequestMappingHandlerMapping - Mapped "{[/blog/home]}" onto public org.springframework.web.servlet.ModelAndView com.jeffy.demo.controller.BlogController.homeView()
[2018-12-19 22:59:19.408] [main] INFO  o.s.w.s.m.m.a.RequestMappingHandlerMapping - Mapped "{[/blog/articalList]}" onto public java.util.Map<java.lang.String, java.lang.Object> com.jeffy.demo.controller.BlogController.articalList(javax.servlet.http.HttpServletRequest)
[2018-12-19 22:59:19.409] [main] INFO  o.s.w.s.m.m.a.RequestMappingHandlerMapping - Mapped "{[/game/home]}" onto public org.springframework.web.servlet.ModelAndView com.jeffy.demo.controller.GameController.homeView()
[2018-12-19 22:59:19.410] [main] INFO  o.s.w.s.m.m.a.RequestMappingHandlerMapping - Mapped "{[/login/login]}" onto public org.springframework.web.servlet.ModelAndView com.jeffy.demo.controller.LoginController.loginView(javax.servlet.http.HttpSession)
[2018-12-19 22:59:19.411] [main] INFO  o.s.w.s.m.m.a.RequestMappingHandlerMapping - Mapped "{[/login/register]}" onto public org.springframework.web.servlet.ModelAndView com.jeffy.demo.controller.LoginController.registerView()
[2018-12-19 22:59:19.411] [main] INFO  o.s.w.s.m.m.a.RequestMappingHandlerMapping - Mapped "{[/index]}" onto public org.springframework.web.servlet.ModelAndView com.jeffy.demo.controller.LoginController.indexView()
[2018-12-19 22:59:19.412] [main] INFO  o.s.w.s.m.m.a.RequestMappingHandlerMapping - Mapped "{[/login/registerIn]}" onto public java.lang.String com.jeffy.demo.controller.LoginController.registerIn(javax.servlet.http.HttpServletRequest)
[2018-12-19 22:59:19.412] [main] INFO  o.s.w.s.m.m.a.RequestMappingHandlerMapping - Mapped "{[/login/loginIn]}" onto public java.lang.String com.jeffy.demo.controller.LoginController.loginIn(javax.servlet.http.HttpServletRequest,javax.servlet.http.HttpSession)
[2018-12-19 22:59:19.412] [main] INFO  o.s.w.s.m.m.a.RequestMappingHandlerMapping - Mapped "{[/login/loginOut]}" onto public org.springframework.web.servlet.ModelAndView com.jeffy.demo.controller.LoginController.loginOut(javax.servlet.http.HttpSession)
[2018-12-19 22:59:19.417] [main] INFO  o.s.w.s.m.m.a.RequestMappingHandlerMapping - Mapped "{[/error]}" onto public org.springframework.http.ResponseEntity<java.util.Map<java.lang.String, java.lang.Object>> org.springframework.boot.autoconfigure.web.servlet.error.BasicErrorController.error(javax.servlet.http.HttpServletRequest)
[2018-12-19 22:59:19.417] [main] INFO  o.s.w.s.m.m.a.RequestMappingHandlerMapping - Mapped "{[/error],produces=[text/html]}" onto public org.springframework.web.servlet.ModelAndView org.springframework.boot.autoconfigure.web.servlet.error.BasicErrorController.errorHtml(javax.servlet.http.HttpServletRequest,javax.servlet.http.HttpServletResponse)
[2018-12-19 22:59:19.443] [main] INFO  o.s.w.s.h.SimpleUrlHandlerMapping - Mapped URL path [/webjars/**] onto handler of type [class org.springframework.web.servlet.resource.ResourceHttpRequestHandler]
[2018-12-19 22:59:19.443] [main] INFO  o.s.w.s.h.SimpleUrlHandlerMapping - Mapped URL path [/static/**] onto handler of type [class org.springframework.web.servlet.resource.ResourceHttpRequestHandler]
[2018-12-19 22:59:19.488] [main] INFO  o.s.b.a.w.s.WelcomePageHandlerMapping - Adding welcome page template: index
[2018-12-19 22:59:19.747] [main] INFO  o.s.j.e.a.AnnotationMBeanExporter - Registering beans for JMX exposure on startup
[2018-12-19 22:59:19.749] [main] INFO  o.s.j.e.a.AnnotationMBeanExporter - Bean with name 'dataSource' has been autodetected for JMX exposure
[2018-12-19 22:59:19.758] [main] INFO  o.s.j.e.a.AnnotationMBeanExporter - Located MBean 'dataSource': registering with JMX server as MBean [com.alibaba.druid.pool:name=dataSource,type=DruidDataSource]
[2018-12-19 22:59:19.774] [main] INFO  o.a.coyote.http11.Http11NioProtocol - Starting ProtocolHandler ["http-nio-8080"]
[2018-12-19 22:59:19.786] [main] INFO  o.a.tomcat.util.net.NioSelectorPool - Using a shared selector for servlet write/read
[2018-12-19 22:59:19.805] [main] INFO  o.s.b.w.e.tomcat.TomcatWebServer - Tomcat started on port(s): 8080 (http) with context path ''
[2018-12-19 22:59:19.809] [main] INFO  com.jeffy.demo.DemoApplication - Started DemoApplication in 4.69 seconds (JVM running for 5.967)
[2018-12-19 23:00:30.153] [http-nio-8080-exec-1] INFO  o.a.c.c.C.[Tomcat].[localhost].[/] - Initializing Spring FrameworkServlet 'dispatcherServlet'
[2018-12-19 23:00:30.154] [http-nio-8080-exec-1] INFO  o.s.web.servlet.DispatcherServlet - FrameworkServlet 'dispatcherServlet': initialization started
[2018-12-19 23:00:30.171] [http-nio-8080-exec-1] INFO  o.s.web.servlet.DispatcherServlet - FrameworkServlet 'dispatcherServlet': initialization completed in 17 ms
[2018-12-19 23:00:32.122] [http-nio-8080-exec-3] INFO  c.a.druid.pool.DruidDataSource - {dataSource-1} inited
